

================================================================
== Vitis HLS Report for 'Accumulator'
================================================================
* Date:           Tue Sep 14 14:04:56 2021

* Version:        2020.1 (Build 2902540 on Wed May 27 20:16:15 MDT 2020)
* Project:        MBKM-Tutorial5
* Solution:       solution1 (Vivado IP Flow Target)
* Product family: zynquplus
* Target device:  xczu7ev-ffvc1156-2-e


================================================================
== Performance Estimates
================================================================
+ Timing: 
    * Summary: 
    +--------+----------+----------+------------+
    |  Clock |  Target  | Estimated| Uncertainty|
    +--------+----------+----------+------------+
    |ap_clk  | 10.00 ns | 3.060 ns |   2.70 ns  |
    +--------+----------+----------+------------+

+ Latency: 
    * Summary: 
    +---------+---------+----------+----------+-----+-----+---------+
    |  Latency (cycles) |  Latency (absolute) |  Interval | Pipeline|
    |   min   |   max   |    min   |    max   | min | max |   Type  |
    +---------+---------+----------+----------+-----+-----+---------+
    |        ?|        ?|         ?|         ?|    ?|    ?|   none  |
    +---------+---------+----------+----------+-----+-----+---------+

    + Detail: 
        * Instance: 
        N/A

        * Loop: 
        +-------------------+---------+---------+----------+-----------+-----------+------+----------+
        |                   |  Latency (cycles) | Iteration|  Initiation Interval  | Trip |          |
        |     Loop Name     |   min   |   max   |  Latency |  achieved |   target  | Count| Pipelined|
        +-------------------+---------+---------+----------+-----------+-----------+------+----------+
        |- VITIS_LOOP_70_1  |        ?|        ?|         2|          1|          1|     ?|    yes   |
        +-------------------+---------+---------+----------+-----------+-----------+------+----------+



================================================================
== Utilization Estimates
================================================================
* Summary: 
+-----------------+---------+------+--------+--------+-----+
|       Name      | BRAM_18K|  DSP |   FF   |   LUT  | URAM|
+-----------------+---------+------+--------+--------+-----+
|DSP              |        -|     -|       -|       -|    -|
|Expression       |        -|     -|       0|     107|    -|
|FIFO             |        -|     -|       -|       -|    -|
|Instance         |        -|     -|       -|       -|    -|
|Memory           |        -|     -|       -|       -|    -|
|Multiplexer      |        -|     -|       -|      81|    -|
|Register         |        -|     -|      70|       -|    -|
+-----------------+---------+------+--------+--------+-----+
|Total            |        0|     0|      70|     188|    0|
+-----------------+---------+------+--------+--------+-----+
|Available        |      624|  1728|  460800|  230400|   96|
+-----------------+---------+------+--------+--------+-----+
|Utilization (%)  |        0|     0|   ~0   |   ~0   |    0|
+-----------------+---------+------+--------+--------+-----+

+ Detail: 
    * Instance: 
    N/A

    * DSP: 
    N/A

    * Memory: 
    N/A

    * FIFO: 
    N/A

    * Expression: 
    +----------------------------------+----------+----+---+----+------------+------------+
    |           Variable Name          | Operation| DSP| FF| LUT| Bitwidth P0| Bitwidth P1|
    +----------------------------------+----------+----+---+----+------------+------------+
    |add_ln70_fu_92_p2                 |     +    |   0|  0|  38|          31|           1|
    |cAcc_1_fu_98_p2                   |     +    |   0|  0|  39|          32|          32|
    |ap_block_pp0_stage0_11001         |    and   |   0|  0|   2|           1|           1|
    |ap_block_state3_pp0_stage0_iter1  |    and   |   0|  0|   2|           1|           1|
    |icmp_ln70_fu_87_p2                |   icmp   |   0|  0|  20|          32|          32|
    |ap_block_state1                   |    or    |   0|  0|   2|           1|           1|
    |ap_enable_pp0                     |    xor   |   0|  0|   2|           1|           2|
    |ap_enable_reg_pp0_iter1           |    xor   |   0|  0|   2|           2|           1|
    +----------------------------------+----------+----+---+----+------------+------------+
    |Total                             |          |   0|  0| 107|         101|          71|
    +----------------------------------+----------+----+---+----+------------+------------+

    * Multiplexer: 
    +-------------------------+----+-----------+-----+-----------+
    |           Name          | LUT| Input Size| Bits| Total Bits|
    +-------------------------+----+-----------+-----+-----------+
    |ap_NS_fsm                |  21|          4|    1|          4|
    |ap_done                  |   9|          2|    1|          2|
    |ap_enable_reg_pp0_iter1  |  15|          3|    1|          3|
    |cAcc_reg_70              |   9|          2|   32|         64|
    |fifoC224_blk_n           |   9|          2|    1|          2|
    |fifoC325_blk_n           |   9|          2|    1|          2|
    |i_reg_59                 |   9|          2|   31|         62|
    +-------------------------+----+-----------+-----+-----------+
    |Total                    |  81|         17|   68|        139|
    +-------------------------+----+-----------+-----+-----------+

    * Register: 
    +-------------------------+----+----+-----+-----------+
    |           Name          | FF | LUT| Bits| Const Bits|
    +-------------------------+----+----+-----+-----------+
    |ap_CS_fsm                |   3|   0|    3|          0|
    |ap_done_reg              |   1|   0|    1|          0|
    |ap_enable_reg_pp0_iter0  |   1|   0|    1|          0|
    |ap_enable_reg_pp0_iter1  |   1|   0|    1|          0|
    |cAcc_reg_70              |  32|   0|   32|          0|
    |i_reg_59                 |  31|   0|   31|          0|
    |icmp_ln70_reg_109        |   1|   0|    1|          0|
    +-------------------------+----+----+-----+-----------+
    |Total                    |  70|   0|   70|          0|
    +-------------------------+----+----+-----+-----------+



================================================================
== Interface
================================================================
* Summary: 
+------------------+-----+-----+------------+--------------+--------------+
|     RTL Ports    | Dir | Bits|  Protocol  | Source Object|    C Type    |
+------------------+-----+-----+------------+--------------+--------------+
|ap_clk            |  in |    1| ap_ctrl_hs |  Accumulator | return value |
|ap_rst            |  in |    1| ap_ctrl_hs |  Accumulator | return value |
|ap_start          |  in |    1| ap_ctrl_hs |  Accumulator | return value |
|ap_done           | out |    1| ap_ctrl_hs |  Accumulator | return value |
|ap_continue       |  in |    1| ap_ctrl_hs |  Accumulator | return value |
|ap_idle           | out |    1| ap_ctrl_hs |  Accumulator | return value |
|ap_ready          | out |    1| ap_ctrl_hs |  Accumulator | return value |
|fifoC224_dout     |  in |   32|   ap_fifo  |   fifoC224   |    pointer   |
|fifoC224_empty_n  |  in |    1|   ap_fifo  |   fifoC224   |    pointer   |
|fifoC224_read     | out |    1|   ap_fifo  |   fifoC224   |    pointer   |
|fifoC325_din      | out |   32|   ap_fifo  |   fifoC325   |    pointer   |
|fifoC325_full_n   |  in |    1|   ap_fifo  |   fifoC325   |    pointer   |
|fifoC325_write    | out |    1|   ap_fifo  |   fifoC325   |    pointer   |
|readRep           |  in |   32|   ap_none  |    readRep   |    scalar    |
+------------------+-----+-----+------------+--------------+--------------+

