

================================================================
== Vitis HLS Report for 'AdderTree'
================================================================
* Date:           Tue Sep 14 14:04:55 2021

* Version:        2020.1 (Build 2902540 on Wed May 27 20:16:15 MDT 2020)
* Project:        MBKM-Tutorial5
* Solution:       solution1 (Vivado IP Flow Target)
* Product family: zynquplus
* Target device:  xczu7ev-ffvc1156-2-e


================================================================
== Performance Estimates
================================================================
+ Timing: 
    * Summary: 
    +--------+----------+----------+------------+
    |  Clock |  Target  | Estimated| Uncertainty|
    +--------+----------+----------+------------+
    |ap_clk  | 10.00 ns | 5.613 ns |   2.70 ns  |
    +--------+----------+----------+------------+

+ Latency: 
    * Summary: 
    +---------+---------+----------+----------+-----+-----+---------+
    |  Latency (cycles) |  Latency (absolute) |  Interval | Pipeline|
    |   min   |   max   |    min   |    max   | min | max |   Type  |
    +---------+---------+----------+----------+-----+-----+---------+
    |        ?|        ?|         ?|         ?|    ?|    ?|   none  |
    +---------+---------+----------+----------+-----+-----+---------+

    + Detail: 
        * Instance: 
        N/A

        * Loop: 
        +-------------------+---------+---------+----------+-----------+-----------+------+----------+
        |                   |  Latency (cycles) | Iteration|  Initiation Interval  | Trip |          |
        |     Loop Name     |   min   |   max   |  Latency |  achieved |   target  | Count| Pipelined|
        +-------------------+---------+---------+----------+-----------+-----------+------+----------+
        |- VITIS_LOOP_35_1  |        ?|        ?|         3|          1|          1|     ?|    yes   |
        +-------------------+---------+---------+----------+-----------+-----------+------+----------+



================================================================
== Utilization Estimates
================================================================
* Summary: 
+-----------------+---------+------+--------+--------+-----+
|       Name      | BRAM_18K|  DSP |   FF   |   LUT  | URAM|
+-----------------+---------+------+--------+--------+-----+
|DSP              |        -|     -|       -|       -|    -|
|Expression       |        -|     -|       0|     422|    -|
|FIFO             |        -|     -|       -|       -|    -|
|Instance         |        -|     -|       -|       -|    -|
|Memory           |        -|     -|       -|       -|    -|
|Multiplexer      |        -|     -|       -|      84|    -|
|Register         |        -|     -|      61|       -|    -|
+-----------------+---------+------+--------+--------+-----+
|Total            |        0|     0|      61|     506|    0|
+-----------------+---------+------+--------+--------+-----+
|Available        |      624|  1728|  460800|  230400|   96|
+-----------------+---------+------+--------+--------+-----+
|Utilization (%)  |        0|     0|   ~0   |   ~0   |    0|
+-----------------+---------+------+--------+--------+-----+

+ Detail: 
    * Instance: 
    N/A

    * DSP: 
    N/A

    * Memory: 
    N/A

    * FIFO: 
    N/A

    * Expression: 
    +----------------------------------+----------+----+---+----+------------+------------+
    |           Variable Name          | Operation| DSP| FF| LUT| Bitwidth P0| Bitwidth P1|
    +----------------------------------+----------+----+---+----+------------+------------+
    |add_ln35_fu_141_p2                |     +    |   0|  0|  38|          31|           1|
    |add_ln49_fu_375_p2                |     +    |   0|  0|  24|          17|          17|
    |add_ln55_1_fu_401_p2              |     +    |   0|  0|  24|          17|          17|
    |add_ln55_2_fu_411_p2              |     +    |   0|  0|  25|          18|          18|
    |add_ln55_fu_395_p2                |     +    |   0|  0|  20|          19|          19|
    |add_ln59_1_fu_437_p2              |     +    |   0|  0|  24|          17|          17|
    |add_ln59_2_fu_447_p2              |     +    |   0|  0|  20|          20|          20|
    |add_ln59_3_fu_453_p2              |     +    |   0|  0|  24|          17|          17|
    |add_ln59_4_fu_463_p2              |     +    |   0|  0|  24|          17|          17|
    |add_ln59_5_fu_473_p2              |     +    |   0|  0|  25|          18|          18|
    |add_ln59_6_fu_483_p2              |     +    |   0|  0|  26|          19|          19|
    |add_ln59_fu_431_p2                |     +    |   0|  0|  27|          20|          20|
    |scaC_fu_493_p2                    |     +    |   0|  0|  20|          20|          20|
    |temp1_fu_365_p2                   |     +    |   0|  0|  24|          17|          17|
    |temp2_fu_385_p2                   |     +    |   0|  0|  25|          18|          18|
    |temp3_fu_421_p2                   |     +    |   0|  0|  20|          19|          19|
    |ap_block_state3_pp0_stage0_iter1  |    and   |   0|  0|   2|           1|           1|
    |ap_block_state4_pp0_stage0_iter2  |    and   |   0|  0|   2|           1|           1|
    |icmp_ln35_fu_136_p2               |   icmp   |   0|  0|  20|          32|          32|
    |ap_block_pp0_stage0_01001         |    or    |   0|  0|   2|           1|           1|
    |ap_block_state1                   |    or    |   0|  0|   2|           1|           1|
    |ap_enable_pp0                     |    xor   |   0|  0|   2|           1|           2|
    |ap_enable_reg_pp0_iter1           |    xor   |   0|  0|   2|           2|           1|
    +----------------------------------+----------+----+---+----+------------+------------+
    |Total                             |          |   0|  0| 422|         343|         313|
    +----------------------------------+----------+----+---+----+------------+------------+

    * Multiplexer: 
    +-------------------------+----+-----------+-----+-----------+
    |           Name          | LUT| Input Size| Bits| Total Bits|
    +-------------------------+----+-----------+-----+-----------+
    |ap_NS_fsm                |  21|          4|    1|          4|
    |ap_done                  |   9|          2|    1|          2|
    |ap_enable_reg_pp0_iter1  |   9|          2|    1|          2|
    |ap_enable_reg_pp0_iter2  |   9|          2|    1|          2|
    |fifoC123_blk_n           |   9|          2|    1|          2|
    |fifoC224_blk_n           |   9|          2|    1|          2|
    |i_reg_121                |   9|          2|   31|         62|
    |real_start               |   9|          2|    1|          2|
    +-------------------------+----+-----------+-----+-----------+
    |Total                    |  84|         18|   38|         78|
    +-------------------------+----+-----------+-----+-----------+

    * Register: 
    +---------------------------------+----+----+-----+-----------+
    |               Name              | FF | LUT| Bits| Const Bits|
    +---------------------------------+----+----+-----+-----------+
    |ap_CS_fsm                        |   3|   0|    3|          0|
    |ap_done_reg                      |   1|   0|    1|          0|
    |ap_enable_reg_pp0_iter0          |   1|   0|    1|          0|
    |ap_enable_reg_pp0_iter1          |   1|   0|    1|          0|
    |ap_enable_reg_pp0_iter2          |   1|   0|    1|          0|
    |i_reg_121                        |  31|   0|   31|          0|
    |icmp_ln35_reg_508                |   1|   0|    1|          0|
    |icmp_ln35_reg_508_pp0_iter1_reg  |   1|   0|    1|          0|
    |scaC_reg_517                     |  20|   0|   20|          0|
    |start_once_reg                   |   1|   0|    1|          0|
    +---------------------------------+----+----+-----+-----------+
    |Total                            |  61|   0|   61|          0|
    +---------------------------------+----+----+-----+-----------+



================================================================
== Interface
================================================================
* Summary: 
+------------------+-----+-----+------------+--------------+--------------+
|     RTL Ports    | Dir | Bits|  Protocol  | Source Object|    C Type    |
+------------------+-----+-----+------------+--------------+--------------+
|ap_clk            |  in |    1| ap_ctrl_hs |   AdderTree  | return value |
|ap_rst            |  in |    1| ap_ctrl_hs |   AdderTree  | return value |
|ap_start          |  in |    1| ap_ctrl_hs |   AdderTree  | return value |
|start_full_n      |  in |    1| ap_ctrl_hs |   AdderTree  | return value |
|ap_done           | out |    1| ap_ctrl_hs |   AdderTree  | return value |
|ap_continue       |  in |    1| ap_ctrl_hs |   AdderTree  | return value |
|ap_idle           | out |    1| ap_ctrl_hs |   AdderTree  | return value |
|ap_ready          | out |    1| ap_ctrl_hs |   AdderTree  | return value |
|start_out         | out |    1| ap_ctrl_hs |   AdderTree  | return value |
|start_write       | out |    1| ap_ctrl_hs |   AdderTree  | return value |
|fifoC123_dout     |  in |  256|   ap_fifo  |   fifoC123   |    pointer   |
|fifoC123_empty_n  |  in |    1|   ap_fifo  |   fifoC123   |    pointer   |
|fifoC123_read     | out |    1|   ap_fifo  |   fifoC123   |    pointer   |
|fifoC224_din      | out |   32|   ap_fifo  |   fifoC224   |    pointer   |
|fifoC224_full_n   |  in |    1|   ap_fifo  |   fifoC224   |    pointer   |
|fifoC224_write    | out |    1|   ap_fifo  |   fifoC224   |    pointer   |
|readRep           |  in |   32|   ap_none  |    readRep   |    scalar    |
+------------------+-----+-----+------------+--------------+--------------+

============================================================
+ Verbose Summary: Synthesis Manager
============================================================
InlineROM: 1
ExposeGlobal: 0
============================================================
+ Verbose Summary: CDFG Model
============================================================
IsTopModel: 0
ResetActiveHigh: 1
IsCombinational: 2
IsDatapathOnly: 0
HasWiredReturn: 1
HasMFsm: 0
HasVarLatency: 1
IsPipeline: 0
IsRtlPipelined: 0
IsInstanceOverlapped: 0
IsDontTouch: 0
HasImplIP: 0
IsGatedGlobalClock: 0

+ Individual pipeline summary: 
  * Pipeline-0: initiation interval (II) = 1, depth = 3


============================================================
+ Verbose Summary: Schedule
============================================================
* Number of FSM states : 5
* Pipeline : 1
  Pipeline-0 : II = 1, D = 3, States = { 2 3 4 }
* Dataflow Pipeline: 0

* FSM state transitions: 
1 --> 2 
2 --> 5 3 
3 --> 4 
4 --> 2 
5 --> 

* FSM state operations: 

State 1 <SV = 0> <Delay = 0.65>
ST_1 : Operation 6 [1/1] (0.00ns)   --->   "%specshared_ln0 = specshared void @_ssdm_op_SpecShared, i32 %readRep, void"   --->   Operation 6 'specshared' 'specshared_ln0' <Predicate = true> <Delay = 0.00>
ST_1 : Operation 7 [1/1] (0.00ns)   --->   "%specstablecontent_ln0 = specstablecontent void @_ssdm_op_SpecStableContent, i32 %readRep, void"   --->   Operation 7 'specstablecontent' 'specstablecontent_ln0' <Predicate = true> <Delay = 0.00>
ST_1 : Operation 8 [1/1] (0.00ns)   --->   "%specinterface_ln0 = specinterface void @_ssdm_op_SpecInterface, i32 %fifoC224, void @empty_9, i32, i32, void @empty_0, i32, i32, void @empty_0, void @empty_0, void @empty_0, i32, i32, i32, i32, void @empty_0, void @empty_0"   --->   Operation 8 'specinterface' 'specinterface_ln0' <Predicate = true> <Delay = 0.00>
ST_1 : Operation 9 [1/1] (0.00ns)   --->   "%specinterface_ln0 = specinterface void @_ssdm_op_SpecInterface, i256 %fifoC123, void @empty_9, i32, i32, void @empty_0, i32, i32, void @empty_0, void @empty_0, void @empty_0, i32, i32, i32, i32, void @empty_0, void @empty_0"   --->   Operation 9 'specinterface' 'specinterface_ln0' <Predicate = true> <Delay = 0.00>
ST_1 : Operation 10 [1/1] (0.00ns)   --->   "%readRep_read = read i32 @_ssdm_op_Read.ap_auto.i32, i32 %readRep" [MBKM-Tutorial5/ComputationModule.cpp:27]   --->   Operation 10 'read' 'readRep_read' <Predicate = true> <Delay = 0.00>
ST_1 : Operation 11 [1/1] (0.65ns)   --->   "%br_ln35 = br void" [MBKM-Tutorial5/ComputationModule.cpp:35]   --->   Operation 11 'br' 'br_ln35' <Predicate = true> <Delay = 0.65>

State 2 <SV = 1> <Delay = 1.00>
ST_2 : Operation 12 [1/1] (0.00ns)   --->   "%i = phi i31, void %.lr.ph, i31 %add_ln35, void %.split" [MBKM-Tutorial5/ComputationModule.cpp:35]   --->   Operation 12 'phi' 'i' <Predicate = true> <Delay = 0.00>
ST_2 : Operation 13 [1/1] (0.00ns)   --->   "%zext_ln27 = zext i31 %i" [MBKM-Tutorial5/ComputationModule.cpp:27]   --->   Operation 13 'zext' 'zext_ln27' <Predicate = true> <Delay = 0.00>
ST_2 : Operation 14 [1/1] (0.99ns)   --->   "%icmp_ln35 = icmp_slt  i32 %zext_ln27, i32 %readRep_read" [MBKM-Tutorial5/ComputationModule.cpp:35]   --->   Operation 14 'icmp' 'icmp_ln35' <Predicate = true> <Delay = 0.99> <CoreInst = "Cmp">   --->   Core 10 'Cmp' <Latency = 0> <II = 1> <Delay = 0.99> <FuncUnit> <Opcode : 'icmp'> <InPorts = 2> <OutPorts = 1>
ST_2 : Operation 15 [1/1] (1.00ns)   --->   "%add_ln35 = add i31 %i, i31" [MBKM-Tutorial5/ComputationModule.cpp:35]   --->   Operation 15 'add' 'add_ln35' <Predicate = true> <Delay = 1.00> <CoreInst = "Adder">   --->   Core 1 'Adder' <Latency = 0> <II = 1> <Delay = 0.87> <FuncUnit> <Opcode : 'add' 'sub'> <InPorts = 2> <OutPorts = 1>
ST_2 : Operation 16 [1/1] (0.00ns)   --->   "%br_ln35 = br i1 %icmp_ln35, void %._crit_edge.loopexit, void %.split" [MBKM-Tutorial5/ComputationModule.cpp:35]   --->   Operation 16 'br' 'br_ln35' <Predicate = true> <Delay = 0.00>

State 3 <SV = 2> <Delay = 5.61>
ST_3 : Operation 17 [1/1] (1.62ns)   --->   "%p_Val2_s = read i256 @_ssdm_op_Read.ap_fifo.volatile.i256P, i256 %fifoC123" [D:/xilinx/vitis/2020.1/common/technology/autopilot/hls_stream_39.h:145]   --->   Operation 17 'read' 'p_Val2_s' <Predicate = (icmp_ln35)> <Delay = 1.62> <CoreInst = "FIFO">   --->   Core 18 'FIFO' <Latency = 0> <II = 1> <Delay = 1.62> <Storage> <Opcode : 'read' 'write' 'nbread' 'nbwrite'> <Ports = 0> <Width = 256> <Depth = 16> <FIFO>
ST_3 : Operation 18 [1/1] (0.00ns)   --->   "%trunc_ln674 = trunc i256 %p_Val2_s"   --->   Operation 18 'trunc' 'trunc_ln674' <Predicate = (icmp_ln35)> <Delay = 0.00>
ST_3 : Operation 19 [1/1] (0.00ns)   --->   "%sext_ln674 = sext i16 %trunc_ln674"   --->   Operation 19 'sext' 'sext_ln674' <Predicate = (icmp_ln35)> <Delay = 0.00>
ST_3 : Operation 20 [1/1] (0.00ns)   --->   "%p_Result_s = partselect i16 @_ssdm_op_PartSelect.i16.i256.i32.i32, i256 %p_Val2_s, i32, i32"   --->   Operation 20 'partselect' 'p_Result_s' <Predicate = (icmp_ln35)> <Delay = 0.00>
ST_3 : Operation 21 [1/1] (0.00ns)   --->   "%sext_ln31 = sext i16 %p_Result_s" [MBKM-Tutorial5/ComputationModule.cpp:31]   --->   Operation 21 'sext' 'sext_ln31' <Predicate = (icmp_ln35)> <Delay = 0.00>
ST_3 : Operation 22 [1/1] (0.00ns)   --->   "%p_Result_31 = partselect i16 @_ssdm_op_PartSelect.i16.i256.i32.i32, i256 %p_Val2_s, i32, i32"   --->   Operation 22 'partselect' 'p_Result_31' <Predicate = (icmp_ln35)> <Delay = 0.00>
ST_3 : Operation 23 [1/1] (0.00ns)   --->   "%sext_ln674_1 = sext i16 %p_Result_31"   --->   Operation 23 'sext' 'sext_ln674_1' <Predicate = (icmp_ln35)> <Delay = 0.00>
ST_3 : Operation 24 [1/1] (0.00ns)   --->   "%p_Result_32 = partselect i16 @_ssdm_op_PartSelect.i16.i256.i32.i32, i256 %p_Val2_s, i32, i32"   --->   Operation 24 'partselect' 'p_Result_32' <Predicate = (icmp_ln35)> <Delay = 0.00>
ST_3 : Operation 25 [1/1] (0.00ns)   --->   "%sext_ln674_3 = sext i16 %p_Result_32"   --->   Operation 25 'sext' 'sext_ln674_3' <Predicate = (icmp_ln35)> <Delay = 0.00>
ST_3 : Operation 26 [1/1] (0.00ns)   --->   "%p_Result_33 = partselect i16 @_ssdm_op_PartSelect.i16.i256.i32.i32, i256 %p_Val2_s, i32, i32"   --->   Operation 26 'partselect' 'p_Result_33' <Predicate = (icmp_ln35)> <Delay = 0.00>
ST_3 : Operation 27 [1/1] (0.00ns)   --->   "%sext_ln674_2 = sext i16 %p_Result_33"   --->   Operation 27 'sext' 'sext_ln674_2' <Predicate = (icmp_ln35)> <Delay = 0.00>
ST_3 : Operation 28 [1/1] (0.00ns)   --->   "%p_Result_34 = partselect i16 @_ssdm_op_PartSelect.i16.i256.i32.i32, i256 %p_Val2_s, i32, i32"   --->   Operation 28 'partselect' 'p_Result_34' <Predicate = (icmp_ln35)> <Delay = 0.00>
ST_3 : Operation 29 [1/1] (0.00ns)   --->   "%sext_ln674_5 = sext i16 %p_Result_34"   --->   Operation 29 'sext' 'sext_ln674_5' <Predicate = (icmp_ln35)> <Delay = 0.00>
ST_3 : Operation 30 [1/1] (0.00ns)   --->   "%p_Result_35 = partselect i16 @_ssdm_op_PartSelect.i16.i256.i32.i32, i256 %p_Val2_s, i32, i32"   --->   Operation 30 'partselect' 'p_Result_35' <Predicate = (icmp_ln35)> <Delay = 0.00>
ST_3 : Operation 31 [1/1] (0.00ns)   --->   "%sext_ln674_6 = sext i16 %p_Result_35"   --->   Operation 31 'sext' 'sext_ln674_6' <Predicate = (icmp_ln35)> <Delay = 0.00>
ST_3 : Operation 32 [1/1] (0.00ns)   --->   "%p_Result_36 = partselect i16 @_ssdm_op_PartSelect.i16.i256.i32.i32, i256 %p_Val2_s, i32, i32"   --->   Operation 32 'partselect' 'p_Result_36' <Predicate = (icmp_ln35)> <Delay = 0.00>
ST_3 : Operation 33 [1/1] (0.00ns)   --->   "%sext_ln674_7 = sext i16 %p_Result_36"   --->   Operation 33 'sext' 'sext_ln674_7' <Predicate = (icmp_ln35)> <Delay = 0.00>
ST_3 : Operation 34 [1/1] (0.00ns)   --->   "%p_Result_37 = partselect i16 @_ssdm_op_PartSelect.i16.i256.i32.i32, i256 %p_Val2_s, i32, i32"   --->   Operation 34 'partselect' 'p_Result_37' <Predicate = (icmp_ln35)> <Delay = 0.00>
ST_3 : Operation 35 [1/1] (0.00ns)   --->   "%sext_ln674_4 = sext i16 %p_Result_37"   --->   Operation 35 'sext' 'sext_ln674_4' <Predicate = (icmp_ln35)> <Delay = 0.00>
ST_3 : Operation 36 [1/1] (0.00ns)   --->   "%p_Result_38 = partselect i16 @_ssdm_op_PartSelect.i16.i256.i32.i32, i256 %p_Val2_s, i32, i32"   --->   Operation 36 'partselect' 'p_Result_38' <Predicate = (icmp_ln35)> <Delay = 0.00>
ST_3 : Operation 37 [1/1] (0.00ns)   --->   "%sext_ln674_8 = sext i16 %p_Result_38"   --->   Operation 37 'sext' 'sext_ln674_8' <Predicate = (icmp_ln35)> <Delay = 0.00>
ST_3 : Operation 38 [1/1] (0.00ns)   --->   "%p_Result_39 = partselect i16 @_ssdm_op_PartSelect.i16.i256.i32.i32, i256 %p_Val2_s, i32, i32"   --->   Operation 38 'partselect' 'p_Result_39' <Predicate = (icmp_ln35)> <Delay = 0.00>
ST_3 : Operation 39 [1/1] (0.00ns)   --->   "%sext_ln674_9 = sext i16 %p_Result_39"   --->   Operation 39 'sext' 'sext_ln674_9' <Predicate = (icmp_ln35)> <Delay = 0.00>
ST_3 : Operation 40 [1/1] (0.00ns)   --->   "%p_Result_40 = partselect i16 @_ssdm_op_PartSelect.i16.i256.i32.i32, i256 %p_Val2_s, i32, i32"   --->   Operation 40 'partselect' 'p_Result_40' <Predicate = (icmp_ln35)> <Delay = 0.00>
ST_3 : Operation 41 [1/1] (0.00ns)   --->   "%sext_ln674_10 = sext i16 %p_Result_40"   --->   Operation 41 'sext' 'sext_ln674_10' <Predicate = (icmp_ln35)> <Delay = 0.00>
ST_3 : Operation 42 [1/1] (0.00ns)   --->   "%p_Result_41 = partselect i16 @_ssdm_op_PartSelect.i16.i256.i32.i32, i256 %p_Val2_s, i32, i32"   --->   Operation 42 'partselect' 'p_Result_41' <Predicate = (icmp_ln35)> <Delay = 0.00>
ST_3 : Operation 43 [1/1] (0.00ns)   --->   "%sext_ln674_11 = sext i16 %p_Result_41"   --->   Operation 43 'sext' 'sext_ln674_11' <Predicate = (icmp_ln35)> <Delay = 0.00>
ST_3 : Operation 44 [1/1] (0.00ns)   --->   "%p_Result_42 = partselect i16 @_ssdm_op_PartSelect.i16.i256.i32.i32, i256 %p_Val2_s, i32, i32"   --->   Operation 44 'partselect' 'p_Result_42' <Predicate = (icmp_ln35)> <Delay = 0.00>
ST_3 : Operation 45 [1/1] (0.00ns)   --->   "%sext_ln674_12 = sext i16 %p_Result_42"   --->   Operation 45 'sext' 'sext_ln674_12' <Predicate = (icmp_ln35)> <Delay = 0.00>
ST_3 : Operation 46 [1/1] (0.00ns)   --->   "%p_Result_43 = partselect i16 @_ssdm_op_PartSelect.i16.i256.i32.i32, i256 %p_Val2_s, i32, i32"   --->   Operation 46 'partselect' 'p_Result_43' <Predicate = (icmp_ln35)> <Delay = 0.00>
ST_3 : Operation 47 [1/1] (0.00ns)   --->   "%sext_ln674_13 = sext i16 %p_Result_43"   --->   Operation 47 'sext' 'sext_ln674_13' <Predicate = (icmp_ln35)> <Delay = 0.00>
ST_3 : Operation 48 [1/1] (0.00ns)   --->   "%p_Result_44 = partselect i16 @_ssdm_op_PartSelect.i16.i256.i32.i32, i256 %p_Val2_s, i32, i32"   --->   Operation 48 'partselect' 'p_Result_44' <Predicate = (icmp_ln35)> <Delay = 0.00>
ST_3 : Operation 49 [1/1] (0.00ns)   --->   "%sext_ln32 = sext i16 %p_Result_44" [MBKM-Tutorial5/ComputationModule.cpp:32]   --->   Operation 49 'sext' 'sext_ln32' <Predicate = (icmp_ln35)> <Delay = 0.00>
ST_3 : Operation 50 [1/1] (0.85ns)   --->   "%temp1 = add i17 %sext_ln674, i17 %sext_ln31" [MBKM-Tutorial5/ComputationModule.cpp:43]   --->   Operation 50 'add' 'temp1' <Predicate = (icmp_ln35)> <Delay = 0.85> <CoreInst = "Adder">   --->   Core 1 'Adder' <Latency = 0> <II = 1> <Delay = 0.87> <FuncUnit> <Opcode : 'add' 'sub'> <InPorts = 2> <OutPorts = 1>
ST_3 : Operation 51 [1/1] (0.00ns)   --->   "%sext_ln43 = sext i17 %temp1" [MBKM-Tutorial5/ComputationModule.cpp:43]   --->   Operation 51 'sext' 'sext_ln43' <Predicate = (icmp_ln35)> <Delay = 0.00>
ST_3 : Operation 52 [1/1] (0.85ns)   --->   "%add_ln49 = add i17 %sext_ln674_3, i17 %sext_ln674_1" [MBKM-Tutorial5/ComputationModule.cpp:49]   --->   Operation 52 'add' 'add_ln49' <Predicate = (icmp_ln35)> <Delay = 0.85> <CoreInst = "Adder">   --->   Core 1 'Adder' <Latency = 0> <II = 1> <Delay = 0.87> <FuncUnit> <Opcode : 'add' 'sub'> <InPorts = 2> <OutPorts = 1>
ST_3 : Operation 53 [1/1] (0.00ns)   --->   "%sext_ln49 = sext i17 %add_ln49" [MBKM-Tutorial5/ComputationModule.cpp:49]   --->   Operation 53 'sext' 'sext_ln49' <Predicate = (icmp_ln35)> <Delay = 0.00>
ST_3 : Operation 54 [1/1] (0.86ns)   --->   "%temp2 = add i18 %sext_ln43, i18 %sext_ln49" [MBKM-Tutorial5/ComputationModule.cpp:49]   --->   Operation 54 'add' 'temp2' <Predicate = (icmp_ln35)> <Delay = 0.86> <CoreInst = "Adder">   --->   Core 1 'Adder' <Latency = 0> <II = 1> <Delay = 0.87> <FuncUnit> <Opcode : 'add' 'sub'> <InPorts = 2> <OutPorts = 1>
ST_3 : Operation 55 [1/1] (0.00ns)   --->   "%sext_ln43_1 = sext i18 %temp2" [MBKM-Tutorial5/ComputationModule.cpp:43]   --->   Operation 55 'sext' 'sext_ln43_1' <Predicate = (icmp_ln35)> <Delay = 0.00>
ST_3 : Operation 56 [1/1] (0.00ns) (grouped into TernaryAdder)   --->   "%add_ln55 = add i19 %sext_ln674_2, i19 %sext_ln43_1" [MBKM-Tutorial5/ComputationModule.cpp:55]   --->   Operation 56 'add' 'add_ln55' <Predicate = (icmp_ln35)> <Delay = 0.00> <CoreInst = "TAddSub">   --->   Core 3 'TAddSub' <Latency = 0> <II = 1> <Delay = 0.34> <IPBlock> <Opcode : 'add' 'sub'> <InPorts = 3> <OutPorts = 1> <Sync>
ST_3 : Operation 57 [1/1] (0.85ns)   --->   "%add_ln55_1 = add i17 %sext_ln674_7, i17 %sext_ln674_6" [MBKM-Tutorial5/ComputationModule.cpp:55]   --->   Operation 57 'add' 'add_ln55_1' <Predicate = (icmp_ln35)> <Delay = 0.85> <CoreInst = "Adder">   --->   Core 1 'Adder' <Latency = 0> <II = 1> <Delay = 0.87> <FuncUnit> <Opcode : 'add' 'sub'> <InPorts = 2> <OutPorts = 1>
ST_3 : Operation 58 [1/1] (0.00ns)   --->   "%sext_ln55 = sext i17 %add_ln55_1" [MBKM-Tutorial5/ComputationModule.cpp:55]   --->   Operation 58 'sext' 'sext_ln55' <Predicate = (icmp_ln35)> <Delay = 0.00>
ST_3 : Operation 59 [1/1] (0.86ns)   --->   "%add_ln55_2 = add i18 %sext_ln674_5, i18 %sext_ln55" [MBKM-Tutorial5/ComputationModule.cpp:55]   --->   Operation 59 'add' 'add_ln55_2' <Predicate = (icmp_ln35)> <Delay = 0.86> <CoreInst = "Adder">   --->   Core 1 'Adder' <Latency = 0> <II = 1> <Delay = 0.87> <FuncUnit> <Opcode : 'add' 'sub'> <InPorts = 2> <OutPorts = 1>
ST_3 : Operation 60 [1/1] (0.00ns)   --->   "%sext_ln55_1 = sext i18 %add_ln55_2" [MBKM-Tutorial5/ComputationModule.cpp:55]   --->   Operation 60 'sext' 'sext_ln55_1' <Predicate = (icmp_ln35)> <Delay = 0.00>
ST_3 : Operation 61 [1/1] (0.69ns) (root node of TernaryAdder)   --->   "%temp3 = add i19 %add_ln55, i19 %sext_ln55_1" [MBKM-Tutorial5/ComputationModule.cpp:55]   --->   Operation 61 'add' 'temp3' <Predicate = (icmp_ln35)> <Delay = 0.69> <CoreInst = "TAddSub">   --->   Core 3 'TAddSub' <Latency = 0> <II = 1> <Delay = 0.34> <IPBlock> <Opcode : 'add' 'sub'> <InPorts = 3> <OutPorts = 1> <Sync>
ST_3 : Operation 62 [1/1] (0.00ns)   --->   "%sext_ln43_2 = sext i19 %temp3" [MBKM-Tutorial5/ComputationModule.cpp:43]   --->   Operation 62 'sext' 'sext_ln43_2' <Predicate = (icmp_ln35)> <Delay = 0.00>
ST_3 : Operation 63 [1/1] (0.88ns)   --->   "%add_ln59 = add i20 %sext_ln674_4, i20 %sext_ln43_2" [MBKM-Tutorial5/ComputationModule.cpp:59]   --->   Operation 63 'add' 'add_ln59' <Predicate = (icmp_ln35)> <Delay = 0.88> <CoreInst = "Adder">   --->   Core 1 'Adder' <Latency = 0> <II = 1> <Delay = 0.87> <FuncUnit> <Opcode : 'add' 'sub'> <InPorts = 2> <OutPorts = 1>
ST_3 : Operation 64 [1/1] (0.85ns)   --->   "%add_ln59_1 = add i17 %sext_ln674_9, i17 %sext_ln674_8" [MBKM-Tutorial5/ComputationModule.cpp:59]   --->   Operation 64 'add' 'add_ln59_1' <Predicate = (icmp_ln35)> <Delay = 0.85> <CoreInst = "Adder">   --->   Core 1 'Adder' <Latency = 0> <II = 1> <Delay = 0.87> <FuncUnit> <Opcode : 'add' 'sub'> <InPorts = 2> <OutPorts = 1>
ST_3 : Operation 65 [1/1] (0.00ns)   --->   "%sext_ln59 = sext i17 %add_ln59_1" [MBKM-Tutorial5/ComputationModule.cpp:59]   --->   Operation 65 'sext' 'sext_ln59' <Predicate = (icmp_ln35)> <Delay = 0.00>
ST_3 : Operation 66 [1/1] (0.00ns) (grouped into TernaryAdder)   --->   "%add_ln59_2 = add i20 %add_ln59, i20 %sext_ln59" [MBKM-Tutorial5/ComputationModule.cpp:59]   --->   Operation 66 'add' 'add_ln59_2' <Predicate = (icmp_ln35)> <Delay = 0.00> <CoreInst = "TAddSub">   --->   Core 3 'TAddSub' <Latency = 0> <II = 1> <Delay = 0.34> <IPBlock> <Opcode : 'add' 'sub'> <InPorts = 3> <OutPorts = 1> <Sync>
ST_3 : Operation 67 [1/1] (0.85ns)   --->   "%add_ln59_3 = add i17 %sext_ln674_11, i17 %sext_ln674_10" [MBKM-Tutorial5/ComputationModule.cpp:59]   --->   Operation 67 'add' 'add_ln59_3' <Predicate = (icmp_ln35)> <Delay = 0.85> <CoreInst = "Adder">   --->   Core 1 'Adder' <Latency = 0> <II = 1> <Delay = 0.87> <FuncUnit> <Opcode : 'add' 'sub'> <InPorts = 2> <OutPorts = 1>
ST_3 : Operation 68 [1/1] (0.00ns)   --->   "%sext_ln59_1 = sext i17 %add_ln59_3" [MBKM-Tutorial5/ComputationModule.cpp:59]   --->   Operation 68 'sext' 'sext_ln59_1' <Predicate = (icmp_ln35)> <Delay = 0.00>
ST_3 : Operation 69 [1/1] (0.85ns)   --->   "%add_ln59_4 = add i17 %sext_ln32, i17 %sext_ln674_13" [MBKM-Tutorial5/ComputationModule.cpp:59]   --->   Operation 69 'add' 'add_ln59_4' <Predicate = (icmp_ln35)> <Delay = 0.85> <CoreInst = "Adder">   --->   Core 1 'Adder' <Latency = 0> <II = 1> <Delay = 0.87> <FuncUnit> <Opcode : 'add' 'sub'> <InPorts = 2> <OutPorts = 1>
ST_3 : Operation 70 [1/1] (0.00ns)   --->   "%sext_ln59_2 = sext i17 %add_ln59_4" [MBKM-Tutorial5/ComputationModule.cpp:59]   --->   Operation 70 'sext' 'sext_ln59_2' <Predicate = (icmp_ln35)> <Delay = 0.00>
ST_3 : Operation 71 [1/1] (0.86ns)   --->   "%add_ln59_5 = add i18 %sext_ln674_12, i18 %sext_ln59_2" [MBKM-Tutorial5/ComputationModule.cpp:59]   --->   Operation 71 'add' 'add_ln59_5' <Predicate = (icmp_ln35)> <Delay = 0.86> <CoreInst = "Adder">   --->   Core 1 'Adder' <Latency = 0> <II = 1> <Delay = 0.87> <FuncUnit> <Opcode : 'add' 'sub'> <InPorts = 2> <OutPorts = 1>
ST_3 : Operation 72 [1/1] (0.00ns)   --->   "%sext_ln59_3 = sext i18 %add_ln59_5" [MBKM-Tutorial5/ComputationModule.cpp:59]   --->   Operation 72 'sext' 'sext_ln59_3' <Predicate = (icmp_ln35)> <Delay = 0.00>
ST_3 : Operation 73 [1/1] (0.87ns)   --->   "%add_ln59_6 = add i19 %sext_ln59_1, i19 %sext_ln59_3" [MBKM-Tutorial5/ComputationModule.cpp:59]   --->   Operation 73 'add' 'add_ln59_6' <Predicate = (icmp_ln35)> <Delay = 0.87> <CoreInst = "Adder">   --->   Core 1 'Adder' <Latency = 0> <II = 1> <Delay = 0.87> <FuncUnit> <Opcode : 'add' 'sub'> <InPorts = 2> <OutPorts = 1>
ST_3 : Operation 74 [1/1] (0.00ns)   --->   "%sext_ln59_4 = sext i19 %add_ln59_6" [MBKM-Tutorial5/ComputationModule.cpp:59]   --->   Operation 74 'sext' 'sext_ln59_4' <Predicate = (icmp_ln35)> <Delay = 0.00>
ST_3 : Operation 75 [1/1] (0.69ns) (root node of TernaryAdder)   --->   "%scaC = add i20 %add_ln59_2, i20 %sext_ln59_4" [MBKM-Tutorial5/ComputationModule.cpp:59]   --->   Operation 75 'add' 'scaC' <Predicate = (icmp_ln35)> <Delay = 0.69> <CoreInst = "TAddSub">   --->   Core 3 'TAddSub' <Latency = 0> <II = 1> <Delay = 0.34> <IPBlock> <Opcode : 'add' 'sub'> <InPorts = 3> <OutPorts = 1> <Sync>

State 4 <SV = 3> <Delay = 2.04>
ST_4 : Operation 76 [1/1] (0.00ns)   --->   "%specpipeline_ln35 = specpipeline void @_ssdm_op_SpecPipeline, i32, i32, i32, i32, void @empty_0" [MBKM-Tutorial5/ComputationModule.cpp:35]   --->   Operation 76 'specpipeline' 'specpipeline_ln35' <Predicate = (icmp_ln35)> <Delay = 0.00>
ST_4 : Operation 77 [1/1] (0.00ns)   --->   "%specloopname_ln35 = specloopname void @_ssdm_op_SpecLoopName, void @empty_13" [MBKM-Tutorial5/ComputationModule.cpp:35]   --->   Operation 77 'specloopname' 'specloopname_ln35' <Predicate = (icmp_ln35)> <Delay = 0.00>
ST_4 : Operation 78 [1/1] (0.00ns)   --->   "%sext_ln30 = sext i20 %scaC" [MBKM-Tutorial5/ComputationModule.cpp:30]   --->   Operation 78 'sext' 'sext_ln30' <Predicate = (icmp_ln35)> <Delay = 0.00>
ST_4 : Operation 79 [1/1] (2.04ns)   --->   "%write_ln167 = write void @_ssdm_op_Write.ap_fifo.volatile.i32P, i32 %fifoC224, i32 %sext_ln30" [D:/xilinx/vitis/2020.1/common/technology/autopilot/hls_stream_39.h:167]   --->   Operation 79 'write' 'write_ln167' <Predicate = (icmp_ln35)> <Delay = 2.04> <CoreInst = "FIFO_SRL">   --->   Core 21 'FIFO_SRL' <Latency = 0> <II = 1> <Delay = 2.04> <Storage> <Opcode : 'read' 'write' 'nbread' 'nbwrite'> <Ports = 0> <Width = 32> <Depth = 16> <FIFO>
ST_4 : Operation 80 [1/1] (0.00ns)   --->   "%br_ln0 = br void"   --->   Operation 80 'br' 'br_ln0' <Predicate = (icmp_ln35)> <Delay = 0.00>

State 5 <SV = 2> <Delay = 0.00>
ST_5 : Operation 81 [1/1] (0.00ns)   --->   "%ret_ln64 = ret" [MBKM-Tutorial5/ComputationModule.cpp:64]   --->   Operation 81 'ret' 'ret_ln64' <Predicate = true> <Delay = 0.00>


============================================================
+ Verbose Summary: Binding
============================================================
STG Binding: 
---------------- STG Properties BEGIN ----------------
- Is combinational: 0
- Is one-state seq: 0
- Is datapath-only: 0
- Is pipelined: 0
- Is top level: 0
Port [ Return ] is wired: 1; IO mode=ap_ctrl_hs:ce=0
Port [ fifoC123]:  wired=1; compound=1; hidden=0; nouse=0; global=0; static=0; extern=0; dir=0; type=3; pingpong=0; private_global=0; IO mode=ap_fifo:ce=0
Port [ fifoC224]:  wired=1; compound=1; hidden=0; nouse=0; global=0; static=0; extern=0; dir=1; type=3; pingpong=0; private_global=0; IO mode=ap_fifo:ce=0
Port [ readRep]:  wired=1; compound=0; hidden=0; nouse=0; global=0; static=0; extern=0; dir=0; type=0; pingpong=0; private_global=0; IO mode=ap_none:ce=0
---------------- STG Properties END ------------------

---------------- Datapath Model BEGIN ----------------

<LifeTime>
<method=bitvector/>
specshared_ln0        (specshared       ) [ 000000]
specstablecontent_ln0 (specstablecontent) [ 000000]
specinterface_ln0     (specinterface    ) [ 000000]
specinterface_ln0     (specinterface    ) [ 000000]
readRep_read          (read             ) [ 001110]
br_ln35               (br               ) [ 011110]
i                     (phi              ) [ 001000]
zext_ln27             (zext             ) [ 000000]
icmp_ln35             (icmp             ) [ 001110]
add_ln35              (add              ) [ 011110]
br_ln35               (br               ) [ 000000]
p_Val2_s              (read             ) [ 000000]
trunc_ln674           (trunc            ) [ 000000]
sext_ln674            (sext             ) [ 000000]
p_Result_s            (partselect       ) [ 000000]
sext_ln31             (sext             ) [ 000000]
p_Result_31           (partselect       ) [ 000000]
sext_ln674_1          (sext             ) [ 000000]
p_Result_32           (partselect       ) [ 000000]
sext_ln674_3          (sext             ) [ 000000]
p_Result_33           (partselect       ) [ 000000]
sext_ln674_2          (sext             ) [ 000000]
p_Result_34           (partselect       ) [ 000000]
sext_ln674_5          (sext             ) [ 000000]
p_Result_35           (partselect       ) [ 000000]
sext_ln674_6          (sext             ) [ 000000]
p_Result_36           (partselect       ) [ 000000]
sext_ln674_7          (sext             ) [ 000000]
p_Result_37           (partselect       ) [ 000000]
sext_ln674_4          (sext             ) [ 000000]
p_Result_38           (partselect       ) [ 000000]
sext_ln674_8          (sext             ) [ 000000]
p_Result_39           (partselect       ) [ 000000]
sext_ln674_9          (sext             ) [ 000000]
p_Result_40           (partselect       ) [ 000000]
sext_ln674_10         (sext             ) [ 000000]
p_Result_41           (partselect       ) [ 000000]
sext_ln674_11         (sext             ) [ 000000]
p_Result_42           (partselect       ) [ 000000]
sext_ln674_12         (sext             ) [ 000000]
p_Result_43           (partselect       ) [ 000000]
sext_ln674_13         (sext             ) [ 000000]
p_Result_44           (partselect       ) [ 000000]
sext_ln32             (sext             ) [ 000000]
temp1                 (add              ) [ 000000]
sext_ln43             (sext             ) [ 000000]
add_ln49              (add              ) [ 000000]
sext_ln49             (sext             ) [ 000000]
temp2                 (add              ) [ 000000]
sext_ln43_1           (sext             ) [ 000000]
add_ln55              (add              ) [ 000000]
add_ln55_1            (add              ) [ 000000]
sext_ln55             (sext             ) [ 000000]
add_ln55_2            (add              ) [ 000000]
sext_ln55_1           (sext             ) [ 000000]
temp3                 (add              ) [ 000000]
sext_ln43_2           (sext             ) [ 000000]
add_ln59              (add              ) [ 000000]
add_ln59_1            (add              ) [ 000000]
sext_ln59             (sext             ) [ 000000]
add_ln59_2            (add              ) [ 000000]
add_ln59_3            (add              ) [ 000000]
sext_ln59_1           (sext             ) [ 000000]
add_ln59_4            (add              ) [ 000000]
sext_ln59_2           (sext             ) [ 000000]
add_ln59_5            (add              ) [ 000000]
sext_ln59_3           (sext             ) [ 000000]
add_ln59_6            (add              ) [ 000000]
sext_ln59_4           (sext             ) [ 000000]
scaC                  (add              ) [ 001010]
specpipeline_ln35     (specpipeline     ) [ 000000]
specloopname_ln35     (specloopname     ) [ 000000]
sext_ln30             (sext             ) [ 000000]
write_ln167           (write            ) [ 000000]
br_ln0                (br               ) [ 011110]
ret_ln64              (ret              ) [ 000000]
</LifeTime>

<model>

<comp_list>
<comp id="0" class="1000" name="fifoC123">
<pin_list>
<pin id="1" dir="1" index="0" bw="1" slack="0"/>
</pin_list>
<bind>
<StgValue><ssdm name="fifoC123"/></StgValue>
</bind>
</comp>

<comp id="2" class="1000" name="fifoC224">
<pin_list>
<pin id="3" dir="1" index="0" bw="1" slack="0"/>
</pin_list>
<bind>
<StgValue><ssdm name="fifoC224"/></StgValue>
</bind>
</comp>

<comp id="4" class="1000" name="readRep">
<pin_list>
<pin id="5" dir="1" index="0" bw="1" slack="0"/>
</pin_list>
<bind>
<StgValue><ssdm name="readRep"/></StgValue>
</bind>
</comp>

<comp id="6" class="1001" name="const_6">
<pin_list>
<pin id="7" dir="1" index="0" bw="1" slack="2147483647"/>
</pin_list>
<bind>
<StgValue><ssdm name="_ssdm_op_SpecShared"/></StgValue>
</bind>
</comp>

<comp id="8" class="1001" name="const_8">
<pin_list>
<pin id="9" dir="1" index="0" bw="1" slack="2147483647"/>
</pin_list>
<bind>
<StgValue><ssdm name=""/></StgValue>
</bind>
</comp>

<comp id="10" class="1001" name="const_10">
<pin_list>
<pin id="11" dir="1" index="0" bw="1" slack="2147483647"/>
</pin_list>
<bind>
<StgValue><ssdm name="_ssdm_op_SpecStableContent"/></StgValue>
</bind>
</comp>

<comp id="12" class="1001" name="const_12">
<pin_list>
<pin id="13" dir="1" index="0" bw="1" slack="2147483647"/>
</pin_list>
<bind>
<StgValue><ssdm name="_ssdm_op_SpecInterface"/></StgValue>
</bind>
</comp>

<comp id="14" class="1001" name="const_14">
<pin_list>
<pin id="15" dir="1" index="0" bw="1" slack="2147483647"/>
</pin_list>
<bind>
<StgValue><ssdm name="empty_9"/></StgValue>
</bind>
</comp>

<comp id="16" class="1001" name="const_16">
<pin_list>
<pin id="17" dir="1" index="0" bw="1" slack="2147483647"/>
</pin_list>
<bind>
<StgValue><ssdm name=""/></StgValue>
</bind>
</comp>

<comp id="18" class="1001" name="const_18">
<pin_list>
<pin id="19" dir="1" index="0" bw="1" slack="2147483647"/>
</pin_list>
<bind>
<StgValue><ssdm name="empty_0"/></StgValue>
</bind>
</comp>

<comp id="20" class="1001" name="const_20">
<pin_list>
<pin id="21" dir="1" index="0" bw="1" slack="0"/>
</pin_list>
<bind>
<StgValue><ssdm name="_ssdm_op_Read.ap_auto.i32"/></StgValue>
</bind>
</comp>

<comp id="22" class="1001" name="const_22">
<pin_list>
<pin id="23" dir="1" index="0" bw="1" slack="1"/>
</pin_list>
<bind>
<StgValue><ssdm name=""/></StgValue>
</bind>
</comp>

<comp id="24" class="1001" name="const_24">
<pin_list>
<pin id="25" dir="1" index="0" bw="1" slack="0"/>
</pin_list>
<bind>
<StgValue><ssdm name=""/></StgValue>
</bind>
</comp>

<comp id="26" class="1001" name="const_26">
<pin_list>
<pin id="27" dir="1" index="0" bw="1" slack="0"/>
</pin_list>
<bind>
<StgValue><ssdm name="_ssdm_op_Read.ap_fifo.volatile.i256P"/></StgValue>
</bind>
</comp>

<comp id="28" class="1001" name="const_28">
<pin_list>
<pin id="29" dir="1" index="0" bw="1" slack="0"/>
</pin_list>
<bind>
<StgValue><ssdm name="_ssdm_op_PartSelect.i16.i256.i32.i32"/></StgValue>
</bind>
</comp>

<comp id="30" class="1001" name="const_30">
<pin_list>
<pin id="31" dir="1" index="0" bw="1" slack="0"/>
</pin_list>
<bind>
<StgValue><ssdm name=""/></StgValue>
</bind>
</comp>

<comp id="32" class="1001" name="const_32">
<pin_list>
<pin id="33" dir="1" index="0" bw="1" slack="0"/>
</pin_list>
<bind>
<StgValue><ssdm name=""/></StgValue>
</bind>
</comp>

<comp id="34" class="1001" name="const_34">
<pin_list>
<pin id="35" dir="1" index="0" bw="1" slack="0"/>
</pin_list>
<bind>
<StgValue><ssdm name=""/></StgValue>
</bind>
</comp>

<comp id="36" class="1001" name="const_36">
<pin_list>
<pin id="37" dir="1" index="0" bw="1" slack="0"/>
</pin_list>
<bind>
<StgValue><ssdm name=""/></StgValue>
</bind>
</comp>

<comp id="38" class="1001" name="const_38">
<pin_list>
<pin id="39" dir="1" index="0" bw="1" slack="0"/>
</pin_list>
<bind>
<StgValue><ssdm name=""/></StgValue>
</bind>
</comp>

<comp id="40" class="1001" name="const_40">
<pin_list>
<pin id="41" dir="1" index="0" bw="1" slack="0"/>
</pin_list>
<bind>
<StgValue><ssdm name=""/></StgValue>
</bind>
</comp>

<comp id="42" class="1001" name="const_42">
<pin_list>
<pin id="43" dir="1" index="0" bw="1" slack="0"/>
</pin_list>
<bind>
<StgValue><ssdm name=""/></StgValue>
</bind>
</comp>

<comp id="44" class="1001" name="const_44">
<pin_list>
<pin id="45" dir="1" index="0" bw="1" slack="0"/>
</pin_list>
<bind>
<StgValue><ssdm name=""/></StgValue>
</bind>
</comp>

<comp id="46" class="1001" name="const_46">
<pin_list>
<pin id="47" dir="1" index="0" bw="1" slack="0"/>
</pin_list>
<bind>
<StgValue><ssdm name=""/></StgValue>
</bind>
</comp>

<comp id="48" class="1001" name="const_48">
<pin_list>
<pin id="49" dir="1" index="0" bw="1" slack="0"/>
</pin_list>
<bind>
<StgValue><ssdm name=""/></StgValue>
</bind>
</comp>

<comp id="50" class="1001" name="const_50">
<pin_list>
<pin id="51" dir="1" index="0" bw="1" slack="0"/>
</pin_list>
<bind>
<StgValue><ssdm name=""/></StgValue>
</bind>
</comp>

<comp id="52" class="1001" name="const_52">
<pin_list>
<pin id="53" dir="1" index="0" bw="1" slack="0"/>
</pin_list>
<bind>
<StgValue><ssdm name=""/></StgValue>
</bind>
</comp>

<comp id="54" class="1001" name="const_54">
<pin_list>
<pin id="55" dir="1" index="0" bw="1" slack="0"/>
</pin_list>
<bind>
<StgValue><ssdm name=""/></StgValue>
</bind>
</comp>

<comp id="56" class="1001" name="const_56">
<pin_list>
<pin id="57" dir="1" index="0" bw="1" slack="0"/>
</pin_list>
<bind>
<StgValue><ssdm name=""/></StgValue>
</bind>
</comp>

<comp id="58" class="1001" name="const_58">
<pin_list>
<pin id="59" dir="1" index="0" bw="1" slack="0"/>
</pin_list>
<bind>
<StgValue><ssdm name=""/></StgValue>
</bind>
</comp>

<comp id="60" class="1001" name="const_60">
<pin_list>
<pin id="61" dir="1" index="0" bw="1" slack="0"/>
</pin_list>
<bind>
<StgValue><ssdm name=""/></StgValue>
</bind>
</comp>

<comp id="62" class="1001" name="const_62">
<pin_list>
<pin id="63" dir="1" index="0" bw="1" slack="0"/>
</pin_list>
<bind>
<StgValue><ssdm name=""/></StgValue>
</bind>
</comp>

<comp id="64" class="1001" name="const_64">
<pin_list>
<pin id="65" dir="1" index="0" bw="1" slack="0"/>
</pin_list>
<bind>
<StgValue><ssdm name=""/></StgValue>
</bind>
</comp>

<comp id="66" class="1001" name="const_66">
<pin_list>
<pin id="67" dir="1" index="0" bw="1" slack="0"/>
</pin_list>
<bind>
<StgValue><ssdm name=""/></StgValue>
</bind>
</comp>

<comp id="68" class="1001" name="const_68">
<pin_list>
<pin id="69" dir="1" index="0" bw="1" slack="0"/>
</pin_list>
<bind>
<StgValue><ssdm name=""/></StgValue>
</bind>
</comp>

<comp id="70" class="1001" name="const_70">
<pin_list>
<pin id="71" dir="1" index="0" bw="1" slack="0"/>
</pin_list>
<bind>
<StgValue><ssdm name=""/></StgValue>
</bind>
</comp>

<comp id="72" class="1001" name="const_72">
<pin_list>
<pin id="73" dir="1" index="0" bw="1" slack="0"/>
</pin_list>
<bind>
<StgValue><ssdm name=""/></StgValue>
</bind>
</comp>

<comp id="74" class="1001" name="const_74">
<pin_list>
<pin id="75" dir="1" index="0" bw="1" slack="0"/>
</pin_list>
<bind>
<StgValue><ssdm name=""/></StgValue>
</bind>
</comp>

<comp id="76" class="1001" name="const_76">
<pin_list>
<pin id="77" dir="1" index="0" bw="1" slack="0"/>
</pin_list>
<bind>
<StgValue><ssdm name=""/></StgValue>
</bind>
</comp>

<comp id="78" class="1001" name="const_78">
<pin_list>
<pin id="79" dir="1" index="0" bw="1" slack="0"/>
</pin_list>
<bind>
<StgValue><ssdm name=""/></StgValue>
</bind>
</comp>

<comp id="80" class="1001" name="const_80">
<pin_list>
<pin id="81" dir="1" index="0" bw="1" slack="0"/>
</pin_list>
<bind>
<StgValue><ssdm name=""/></StgValue>
</bind>
</comp>

<comp id="82" class="1001" name="const_82">
<pin_list>
<pin id="83" dir="1" index="0" bw="1" slack="0"/>
</pin_list>
<bind>
<StgValue><ssdm name=""/></StgValue>
</bind>
</comp>

<comp id="84" class="1001" name="const_84">
<pin_list>
<pin id="85" dir="1" index="0" bw="1" slack="0"/>
</pin_list>
<bind>
<StgValue><ssdm name=""/></StgValue>
</bind>
</comp>

<comp id="86" class="1001" name="const_86">
<pin_list>
<pin id="87" dir="1" index="0" bw="1" slack="0"/>
</pin_list>
<bind>
<StgValue><ssdm name=""/></StgValue>
</bind>
</comp>

<comp id="88" class="1001" name="const_88">
<pin_list>
<pin id="89" dir="1" index="0" bw="1" slack="0"/>
</pin_list>
<bind>
<StgValue><ssdm name=""/></StgValue>
</bind>
</comp>

<comp id="90" class="1001" name="const_90">
<pin_list>
<pin id="91" dir="1" index="0" bw="1" slack="2147483647"/>
</pin_list>
<bind>
<StgValue><ssdm name="_ssdm_op_SpecPipeline"/></StgValue>
</bind>
</comp>

<comp id="92" class="1001" name="const_92">
<pin_list>
<pin id="93" dir="1" index="0" bw="1" slack="2147483647"/>
</pin_list>
<bind>
<StgValue><ssdm name=""/></StgValue>
</bind>
</comp>

<comp id="94" class="1001" name="const_94">
<pin_list>
<pin id="95" dir="1" index="0" bw="1" slack="2147483647"/>
</pin_list>
<bind>
<StgValue><ssdm name=""/></StgValue>
</bind>
</comp>

<comp id="96" class="1001" name="const_96">
<pin_list>
<pin id="97" dir="1" index="0" bw="1" slack="2147483647"/>
</pin_list>
<bind>
<StgValue><ssdm name="_ssdm_op_SpecLoopName"/></StgValue>
</bind>
</comp>

<comp id="98" class="1001" name="const_98">
<pin_list>
<pin id="99" dir="1" index="0" bw="1" slack="2147483647"/>
</pin_list>
<bind>
<StgValue><ssdm name="empty_13"/></StgValue>
</bind>
</comp>

<comp id="100" class="1001" name="const_100">
<pin_list>
<pin id="101" dir="1" index="0" bw="1" slack="0"/>
</pin_list>
<bind>
<StgValue><ssdm name="_ssdm_op_Write.ap_fifo.volatile.i32P"/></StgValue>
</bind>
</comp>

<comp id="102" class="1004" name="readRep_read_read_fu_102">
<pin_list>
<pin id="103" dir="0" index="0" bw="32" slack="0"/>
<pin id="104" dir="0" index="1" bw="32" slack="0"/>
<pin id="105" dir="1" index="2" bw="32" slack="1"/>
</pin_list>
<bind>
<opcode="read(1150) " fcode="read"/>
<opset="readRep_read/1 "/>
</bind>
</comp>

<comp id="108" class="1004" name="p_Val2_s_read_fu_108">
<pin_list>
<pin id="109" dir="0" index="0" bw="256" slack="0"/>
<pin id="110" dir="0" index="1" bw="256" slack="0"/>
<pin id="111" dir="1" index="2" bw="256" slack="0"/>
</pin_list>
<bind>
<opcode="read(1150) " fcode="read"/>
<opset="p_Val2_s/3 "/>
</bind>
</comp>

<comp id="114" class="1004" name="write_ln167_write_fu_114">
<pin_list>
<pin id="115" dir="0" index="0" bw="0" slack="0"/>
<pin id="116" dir="0" index="1" bw="32" slack="0"/>
<pin id="117" dir="0" index="2" bw="20" slack="0"/>
<pin id="118" dir="1" index="3" bw="0" slack="2147483647"/>
</pin_list>
<bind>
<opcode="write(1151) " fcode="write"/>
<opset="write_ln167/4 "/>
</bind>
</comp>

<comp id="121" class="1005" name="i_reg_121">
<pin_list>
<pin id="122" dir="0" index="0" bw="31" slack="1"/>
<pin id="123" dir="1" index="1" bw="31" slack="1"/>
</pin_list>
<bind>
<opset="i (phireg) "/>
</bind>
</comp>

<comp id="125" class="1004" name="i_phi_fu_125">
<pin_list>
<pin id="126" dir="0" index="0" bw="1" slack="1"/>
<pin id="127" dir="0" index="1" bw="0" slack="2147483647"/>
<pin id="128" dir="0" index="2" bw="31" slack="0"/>
<pin id="129" dir="0" index="3" bw="0" slack="2147483647"/>
<pin id="130" dir="1" index="4" bw="31" slack="0"/>
</pin_list>
<bind>
<opcode="phi(47) " fcode="phi"/>
<opset="i/2 "/>
</bind>
</comp>

<comp id="132" class="1004" name="zext_ln27_fu_132">
<pin_list>
<pin id="133" dir="0" index="0" bw="31" slack="0"/>
<pin id="134" dir="1" index="1" bw="32" slack="0"/>
</pin_list>
<bind>
<opcode="zext(34) " fcode="zext"/>
<opset="zext_ln27/2 "/>
</bind>
</comp>

<comp id="136" class="1004" name="icmp_ln35_fu_136">
<pin_list>
<pin id="137" dir="0" index="0" bw="32" slack="0"/>
<pin id="138" dir="0" index="1" bw="32" slack="1"/>
<pin id="139" dir="1" index="2" bw="1" slack="1"/>
</pin_list>
<bind>
<opcode="icmp(45) " fcode="icmp"/>
<opset="icmp_ln35/2 "/>
</bind>
</comp>

<comp id="141" class="1004" name="add_ln35_fu_141">
<pin_list>
<pin id="142" dir="0" index="0" bw="31" slack="0"/>
<pin id="143" dir="0" index="1" bw="1" slack="0"/>
<pin id="144" dir="1" index="2" bw="31" slack="0"/>
</pin_list>
<bind>
<opcode="add(8) " fcode="add"/>
<opset="add_ln35/2 "/>
</bind>
</comp>

<comp id="147" class="1004" name="trunc_ln674_fu_147">
<pin_list>
<pin id="148" dir="0" index="0" bw="256" slack="0"/>
<pin id="149" dir="1" index="1" bw="16" slack="0"/>
</pin_list>
<bind>
<opcode="trunc(33) " fcode="trunc"/>
<opset="trunc_ln674/3 "/>
</bind>
</comp>

<comp id="151" class="1004" name="sext_ln674_fu_151">
<pin_list>
<pin id="152" dir="0" index="0" bw="16" slack="0"/>
<pin id="153" dir="1" index="1" bw="17" slack="0"/>
</pin_list>
<bind>
<opcode="sext(35) " fcode="sext"/>
<opset="sext_ln674/3 "/>
</bind>
</comp>

<comp id="155" class="1004" name="p_Result_s_fu_155">
<pin_list>
<pin id="156" dir="0" index="0" bw="16" slack="0"/>
<pin id="157" dir="0" index="1" bw="256" slack="0"/>
<pin id="158" dir="0" index="2" bw="6" slack="0"/>
<pin id="159" dir="0" index="3" bw="6" slack="0"/>
<pin id="160" dir="1" index="4" bw="16" slack="0"/>
</pin_list>
<bind>
<opcode="partselect(1002) " fcode="partselect"/>
<opset="p_Result_s/3 "/>
</bind>
</comp>

<comp id="165" class="1004" name="sext_ln31_fu_165">
<pin_list>
<pin id="166" dir="0" index="0" bw="16" slack="0"/>
<pin id="167" dir="1" index="1" bw="17" slack="0"/>
</pin_list>
<bind>
<opcode="sext(35) " fcode="sext"/>
<opset="sext_ln31/3 "/>
</bind>
</comp>

<comp id="169" class="1004" name="p_Result_31_fu_169">
<pin_list>
<pin id="170" dir="0" index="0" bw="16" slack="0"/>
<pin id="171" dir="0" index="1" bw="256" slack="0"/>
<pin id="172" dir="0" index="2" bw="7" slack="0"/>
<pin id="173" dir="0" index="3" bw="7" slack="0"/>
<pin id="174" dir="1" index="4" bw="16" slack="0"/>
</pin_list>
<bind>
<opcode="partselect(1002) " fcode="partselect"/>
<opset="p_Result_31/3 "/>
</bind>
</comp>

<comp id="179" class="1004" name="sext_ln674_1_fu_179">
<pin_list>
<pin id="180" dir="0" index="0" bw="16" slack="0"/>
<pin id="181" dir="1" index="1" bw="17" slack="0"/>
</pin_list>
<bind>
<opcode="sext(35) " fcode="sext"/>
<opset="sext_ln674_1/3 "/>
</bind>
</comp>

<comp id="183" class="1004" name="p_Result_32_fu_183">
<pin_list>
<pin id="184" dir="0" index="0" bw="16" slack="0"/>
<pin id="185" dir="0" index="1" bw="256" slack="0"/>
<pin id="186" dir="0" index="2" bw="7" slack="0"/>
<pin id="187" dir="0" index="3" bw="7" slack="0"/>
<pin id="188" dir="1" index="4" bw="16" slack="0"/>
</pin_list>
<bind>
<opcode="partselect(1002) " fcode="partselect"/>
<opset="p_Result_32/3 "/>
</bind>
</comp>

<comp id="193" class="1004" name="sext_ln674_3_fu_193">
<pin_list>
<pin id="194" dir="0" index="0" bw="16" slack="0"/>
<pin id="195" dir="1" index="1" bw="17" slack="0"/>
</pin_list>
<bind>
<opcode="sext(35) " fcode="sext"/>
<opset="sext_ln674_3/3 "/>
</bind>
</comp>

<comp id="197" class="1004" name="p_Result_33_fu_197">
<pin_list>
<pin id="198" dir="0" index="0" bw="16" slack="0"/>
<pin id="199" dir="0" index="1" bw="256" slack="0"/>
<pin id="200" dir="0" index="2" bw="8" slack="0"/>
<pin id="201" dir="0" index="3" bw="8" slack="0"/>
<pin id="202" dir="1" index="4" bw="16" slack="0"/>
</pin_list>
<bind>
<opcode="partselect(1002) " fcode="partselect"/>
<opset="p_Result_33/3 "/>
</bind>
</comp>

<comp id="207" class="1004" name="sext_ln674_2_fu_207">
<pin_list>
<pin id="208" dir="0" index="0" bw="16" slack="0"/>
<pin id="209" dir="1" index="1" bw="19" slack="0"/>
</pin_list>
<bind>
<opcode="sext(35) " fcode="sext"/>
<opset="sext_ln674_2/3 "/>
</bind>
</comp>

<comp id="211" class="1004" name="p_Result_34_fu_211">
<pin_list>
<pin id="212" dir="0" index="0" bw="16" slack="0"/>
<pin id="213" dir="0" index="1" bw="256" slack="0"/>
<pin id="214" dir="0" index="2" bw="8" slack="0"/>
<pin id="215" dir="0" index="3" bw="8" slack="0"/>
<pin id="216" dir="1" index="4" bw="16" slack="0"/>
</pin_list>
<bind>
<opcode="partselect(1002) " fcode="partselect"/>
<opset="p_Result_34/3 "/>
</bind>
</comp>

<comp id="221" class="1004" name="sext_ln674_5_fu_221">
<pin_list>
<pin id="222" dir="0" index="0" bw="16" slack="0"/>
<pin id="223" dir="1" index="1" bw="18" slack="0"/>
</pin_list>
<bind>
<opcode="sext(35) " fcode="sext"/>
<opset="sext_ln674_5/3 "/>
</bind>
</comp>

<comp id="225" class="1004" name="p_Result_35_fu_225">
<pin_list>
<pin id="226" dir="0" index="0" bw="16" slack="0"/>
<pin id="227" dir="0" index="1" bw="256" slack="0"/>
<pin id="228" dir="0" index="2" bw="8" slack="0"/>
<pin id="229" dir="0" index="3" bw="8" slack="0"/>
<pin id="230" dir="1" index="4" bw="16" slack="0"/>
</pin_list>
<bind>
<opcode="partselect(1002) " fcode="partselect"/>
<opset="p_Result_35/3 "/>
</bind>
</comp>

<comp id="235" class="1004" name="sext_ln674_6_fu_235">
<pin_list>
<pin id="236" dir="0" index="0" bw="16" slack="0"/>
<pin id="237" dir="1" index="1" bw="17" slack="0"/>
</pin_list>
<bind>
<opcode="sext(35) " fcode="sext"/>
<opset="sext_ln674_6/3 "/>
</bind>
</comp>

<comp id="239" class="1004" name="p_Result_36_fu_239">
<pin_list>
<pin id="240" dir="0" index="0" bw="16" slack="0"/>
<pin id="241" dir="0" index="1" bw="256" slack="0"/>
<pin id="242" dir="0" index="2" bw="8" slack="0"/>
<pin id="243" dir="0" index="3" bw="8" slack="0"/>
<pin id="244" dir="1" index="4" bw="16" slack="0"/>
</pin_list>
<bind>
<opcode="partselect(1002) " fcode="partselect"/>
<opset="p_Result_36/3 "/>
</bind>
</comp>

<comp id="249" class="1004" name="sext_ln674_7_fu_249">
<pin_list>
<pin id="250" dir="0" index="0" bw="16" slack="0"/>
<pin id="251" dir="1" index="1" bw="17" slack="0"/>
</pin_list>
<bind>
<opcode="sext(35) " fcode="sext"/>
<opset="sext_ln674_7/3 "/>
</bind>
</comp>

<comp id="253" class="1004" name="p_Result_37_fu_253">
<pin_list>
<pin id="254" dir="0" index="0" bw="16" slack="0"/>
<pin id="255" dir="0" index="1" bw="256" slack="0"/>
<pin id="256" dir="0" index="2" bw="9" slack="0"/>
<pin id="257" dir="0" index="3" bw="9" slack="0"/>
<pin id="258" dir="1" index="4" bw="16" slack="0"/>
</pin_list>
<bind>
<opcode="partselect(1002) " fcode="partselect"/>
<opset="p_Result_37/3 "/>
</bind>
</comp>

<comp id="263" class="1004" name="sext_ln674_4_fu_263">
<pin_list>
<pin id="264" dir="0" index="0" bw="16" slack="0"/>
<pin id="265" dir="1" index="1" bw="20" slack="0"/>
</pin_list>
<bind>
<opcode="sext(35) " fcode="sext"/>
<opset="sext_ln674_4/3 "/>
</bind>
</comp>

<comp id="267" class="1004" name="p_Result_38_fu_267">
<pin_list>
<pin id="268" dir="0" index="0" bw="16" slack="0"/>
<pin id="269" dir="0" index="1" bw="256" slack="0"/>
<pin id="270" dir="0" index="2" bw="9" slack="0"/>
<pin id="271" dir="0" index="3" bw="9" slack="0"/>
<pin id="272" dir="1" index="4" bw="16" slack="0"/>
</pin_list>
<bind>
<opcode="partselect(1002) " fcode="partselect"/>
<opset="p_Result_38/3 "/>
</bind>
</comp>

<comp id="277" class="1004" name="sext_ln674_8_fu_277">
<pin_list>
<pin id="278" dir="0" index="0" bw="16" slack="0"/>
<pin id="279" dir="1" index="1" bw="17" slack="0"/>
</pin_list>
<bind>
<opcode="sext(35) " fcode="sext"/>
<opset="sext_ln674_8/3 "/>
</bind>
</comp>

<comp id="281" class="1004" name="p_Result_39_fu_281">
<pin_list>
<pin id="282" dir="0" index="0" bw="16" slack="0"/>
<pin id="283" dir="0" index="1" bw="256" slack="0"/>
<pin id="284" dir="0" index="2" bw="9" slack="0"/>
<pin id="285" dir="0" index="3" bw="9" slack="0"/>
<pin id="286" dir="1" index="4" bw="16" slack="0"/>
</pin_list>
<bind>
<opcode="partselect(1002) " fcode="partselect"/>
<opset="p_Result_39/3 "/>
</bind>
</comp>

<comp id="291" class="1004" name="sext_ln674_9_fu_291">
<pin_list>
<pin id="292" dir="0" index="0" bw="16" slack="0"/>
<pin id="293" dir="1" index="1" bw="17" slack="0"/>
</pin_list>
<bind>
<opcode="sext(35) " fcode="sext"/>
<opset="sext_ln674_9/3 "/>
</bind>
</comp>

<comp id="295" class="1004" name="p_Result_40_fu_295">
<pin_list>
<pin id="296" dir="0" index="0" bw="16" slack="0"/>
<pin id="297" dir="0" index="1" bw="256" slack="0"/>
<pin id="298" dir="0" index="2" bw="9" slack="0"/>
<pin id="299" dir="0" index="3" bw="9" slack="0"/>
<pin id="300" dir="1" index="4" bw="16" slack="0"/>
</pin_list>
<bind>
<opcode="partselect(1002) " fcode="partselect"/>
<opset="p_Result_40/3 "/>
</bind>
</comp>

<comp id="305" class="1004" name="sext_ln674_10_fu_305">
<pin_list>
<pin id="306" dir="0" index="0" bw="16" slack="0"/>
<pin id="307" dir="1" index="1" bw="17" slack="0"/>
</pin_list>
<bind>
<opcode="sext(35) " fcode="sext"/>
<opset="sext_ln674_10/3 "/>
</bind>
</comp>

<comp id="309" class="1004" name="p_Result_41_fu_309">
<pin_list>
<pin id="310" dir="0" index="0" bw="16" slack="0"/>
<pin id="311" dir="0" index="1" bw="256" slack="0"/>
<pin id="312" dir="0" index="2" bw="9" slack="0"/>
<pin id="313" dir="0" index="3" bw="9" slack="0"/>
<pin id="314" dir="1" index="4" bw="16" slack="0"/>
</pin_list>
<bind>
<opcode="partselect(1002) " fcode="partselect"/>
<opset="p_Result_41/3 "/>
</bind>
</comp>

<comp id="319" class="1004" name="sext_ln674_11_fu_319">
<pin_list>
<pin id="320" dir="0" index="0" bw="16" slack="0"/>
<pin id="321" dir="1" index="1" bw="17" slack="0"/>
</pin_list>
<bind>
<opcode="sext(35) " fcode="sext"/>
<opset="sext_ln674_11/3 "/>
</bind>
</comp>

<comp id="323" class="1004" name="p_Result_42_fu_323">
<pin_list>
<pin id="324" dir="0" index="0" bw="16" slack="0"/>
<pin id="325" dir="0" index="1" bw="256" slack="0"/>
<pin id="326" dir="0" index="2" bw="9" slack="0"/>
<pin id="327" dir="0" index="3" bw="9" slack="0"/>
<pin id="328" dir="1" index="4" bw="16" slack="0"/>
</pin_list>
<bind>
<opcode="partselect(1002) " fcode="partselect"/>
<opset="p_Result_42/3 "/>
</bind>
</comp>

<comp id="333" class="1004" name="sext_ln674_12_fu_333">
<pin_list>
<pin id="334" dir="0" index="0" bw="16" slack="0"/>
<pin id="335" dir="1" index="1" bw="18" slack="0"/>
</pin_list>
<bind>
<opcode="sext(35) " fcode="sext"/>
<opset="sext_ln674_12/3 "/>
</bind>
</comp>

<comp id="337" class="1004" name="p_Result_43_fu_337">
<pin_list>
<pin id="338" dir="0" index="0" bw="16" slack="0"/>
<pin id="339" dir="0" index="1" bw="256" slack="0"/>
<pin id="340" dir="0" index="2" bw="9" slack="0"/>
<pin id="341" dir="0" index="3" bw="9" slack="0"/>
<pin id="342" dir="1" index="4" bw="16" slack="0"/>
</pin_list>
<bind>
<opcode="partselect(1002) " fcode="partselect"/>
<opset="p_Result_43/3 "/>
</bind>
</comp>

<comp id="347" class="1004" name="sext_ln674_13_fu_347">
<pin_list>
<pin id="348" dir="0" index="0" bw="16" slack="0"/>
<pin id="349" dir="1" index="1" bw="17" slack="0"/>
</pin_list>
<bind>
<opcode="sext(35) " fcode="sext"/>
<opset="sext_ln674_13/3 "/>
</bind>
</comp>

<comp id="351" class="1004" name="p_Result_44_fu_351">
<pin_list>
<pin id="352" dir="0" index="0" bw="16" slack="0"/>
<pin id="353" dir="0" index="1" bw="256" slack="0"/>
<pin id="354" dir="0" index="2" bw="9" slack="0"/>
<pin id="355" dir="0" index="3" bw="9" slack="0"/>
<pin id="356" dir="1" index="4" bw="16" slack="0"/>
</pin_list>
<bind>
<opcode="partselect(1002) " fcode="partselect"/>
<opset="p_Result_44/3 "/>
</bind>
</comp>

<comp id="361" class="1004" name="sext_ln32_fu_361">
<pin_list>
<pin id="362" dir="0" index="0" bw="16" slack="0"/>
<pin id="363" dir="1" index="1" bw="17" slack="0"/>
</pin_list>
<bind>
<opcode="sext(35) " fcode="sext"/>
<opset="sext_ln32/3 "/>
</bind>
</comp>

<comp id="365" class="1004" name="temp1_fu_365">
<pin_list>
<pin id="366" dir="0" index="0" bw="16" slack="0"/>
<pin id="367" dir="0" index="1" bw="16" slack="0"/>
<pin id="368" dir="1" index="2" bw="17" slack="0"/>
</pin_list>
<bind>
<opcode="add(8) " fcode="add"/>
<opset="temp1/3 "/>
</bind>
</comp>

<comp id="371" class="1004" name="sext_ln43_fu_371">
<pin_list>
<pin id="372" dir="0" index="0" bw="17" slack="0"/>
<pin id="373" dir="1" index="1" bw="18" slack="0"/>
</pin_list>
<bind>
<opcode="sext(35) " fcode="sext"/>
<opset="sext_ln43/3 "/>
</bind>
</comp>

<comp id="375" class="1004" name="add_ln49_fu_375">
<pin_list>
<pin id="376" dir="0" index="0" bw="16" slack="0"/>
<pin id="377" dir="0" index="1" bw="16" slack="0"/>
<pin id="378" dir="1" index="2" bw="17" slack="0"/>
</pin_list>
<bind>
<opcode="add(8) " fcode="add"/>
<opset="add_ln49/3 "/>
</bind>
</comp>

<comp id="381" class="1004" name="sext_ln49_fu_381">
<pin_list>
<pin id="382" dir="0" index="0" bw="17" slack="0"/>
<pin id="383" dir="1" index="1" bw="18" slack="0"/>
</pin_list>
<bind>
<opcode="sext(35) " fcode="sext"/>
<opset="sext_ln49/3 "/>
</bind>
</comp>

<comp id="385" class="1004" name="temp2_fu_385">
<pin_list>
<pin id="386" dir="0" index="0" bw="17" slack="0"/>
<pin id="387" dir="0" index="1" bw="17" slack="0"/>
<pin id="388" dir="1" index="2" bw="18" slack="0"/>
</pin_list>
<bind>
<opcode="add(8) " fcode="add"/>
<opset="temp2/3 "/>
</bind>
</comp>

<comp id="391" class="1004" name="sext_ln43_1_fu_391">
<pin_list>
<pin id="392" dir="0" index="0" bw="18" slack="0"/>
<pin id="393" dir="1" index="1" bw="19" slack="0"/>
</pin_list>
<bind>
<opcode="sext(35) " fcode="sext"/>
<opset="sext_ln43_1/3 "/>
</bind>
</comp>

<comp id="395" class="1004" name="add_ln55_fu_395">
<pin_list>
<pin id="396" dir="0" index="0" bw="16" slack="0"/>
<pin id="397" dir="0" index="1" bw="18" slack="0"/>
<pin id="398" dir="1" index="2" bw="19" slack="0"/>
</pin_list>
<bind>
<opcode="add(8) " fcode="add"/>
<opset="add_ln55/3 "/>
</bind>
</comp>

<comp id="401" class="1004" name="add_ln55_1_fu_401">
<pin_list>
<pin id="402" dir="0" index="0" bw="16" slack="0"/>
<pin id="403" dir="0" index="1" bw="16" slack="0"/>
<pin id="404" dir="1" index="2" bw="17" slack="0"/>
</pin_list>
<bind>
<opcode="add(8) " fcode="add"/>
<opset="add_ln55_1/3 "/>
</bind>
</comp>

<comp id="407" class="1004" name="sext_ln55_fu_407">
<pin_list>
<pin id="408" dir="0" index="0" bw="17" slack="0"/>
<pin id="409" dir="1" index="1" bw="18" slack="0"/>
</pin_list>
<bind>
<opcode="sext(35) " fcode="sext"/>
<opset="sext_ln55/3 "/>
</bind>
</comp>

<comp id="411" class="1004" name="add_ln55_2_fu_411">
<pin_list>
<pin id="412" dir="0" index="0" bw="16" slack="0"/>
<pin id="413" dir="0" index="1" bw="17" slack="0"/>
<pin id="414" dir="1" index="2" bw="18" slack="0"/>
</pin_list>
<bind>
<opcode="add(8) " fcode="add"/>
<opset="add_ln55_2/3 "/>
</bind>
</comp>

<comp id="417" class="1004" name="sext_ln55_1_fu_417">
<pin_list>
<pin id="418" dir="0" index="0" bw="18" slack="0"/>
<pin id="419" dir="1" index="1" bw="19" slack="0"/>
</pin_list>
<bind>
<opcode="sext(35) " fcode="sext"/>
<opset="sext_ln55_1/3 "/>
</bind>
</comp>

<comp id="421" class="1004" name="temp3_fu_421">
<pin_list>
<pin id="422" dir="0" index="0" bw="19" slack="0"/>
<pin id="423" dir="0" index="1" bw="18" slack="0"/>
<pin id="424" dir="1" index="2" bw="19" slack="0"/>
</pin_list>
<bind>
<opcode="add(8) " fcode="add"/>
<opset="temp3/3 "/>
</bind>
</comp>

<comp id="427" class="1004" name="sext_ln43_2_fu_427">
<pin_list>
<pin id="428" dir="0" index="0" bw="19" slack="0"/>
<pin id="429" dir="1" index="1" bw="20" slack="0"/>
</pin_list>
<bind>
<opcode="sext(35) " fcode="sext"/>
<opset="sext_ln43_2/3 "/>
</bind>
</comp>

<comp id="431" class="1004" name="add_ln59_fu_431">
<pin_list>
<pin id="432" dir="0" index="0" bw="16" slack="0"/>
<pin id="433" dir="0" index="1" bw="19" slack="0"/>
<pin id="434" dir="1" index="2" bw="20" slack="0"/>
</pin_list>
<bind>
<opcode="add(8) " fcode="add"/>
<opset="add_ln59/3 "/>
</bind>
</comp>

<comp id="437" class="1004" name="add_ln59_1_fu_437">
<pin_list>
<pin id="438" dir="0" index="0" bw="16" slack="0"/>
<pin id="439" dir="0" index="1" bw="16" slack="0"/>
<pin id="440" dir="1" index="2" bw="17" slack="0"/>
</pin_list>
<bind>
<opcode="add(8) " fcode="add"/>
<opset="add_ln59_1/3 "/>
</bind>
</comp>

<comp id="443" class="1004" name="sext_ln59_fu_443">
<pin_list>
<pin id="444" dir="0" index="0" bw="17" slack="0"/>
<pin id="445" dir="1" index="1" bw="20" slack="0"/>
</pin_list>
<bind>
<opcode="sext(35) " fcode="sext"/>
<opset="sext_ln59/3 "/>
</bind>
</comp>

<comp id="447" class="1004" name="add_ln59_2_fu_447">
<pin_list>
<pin id="448" dir="0" index="0" bw="20" slack="0"/>
<pin id="449" dir="0" index="1" bw="17" slack="0"/>
<pin id="450" dir="1" index="2" bw="20" slack="0"/>
</pin_list>
<bind>
<opcode="add(8) " fcode="add"/>
<opset="add_ln59_2/3 "/>
</bind>
</comp>

<comp id="453" class="1004" name="add_ln59_3_fu_453">
<pin_list>
<pin id="454" dir="0" index="0" bw="16" slack="0"/>
<pin id="455" dir="0" index="1" bw="16" slack="0"/>
<pin id="456" dir="1" index="2" bw="17" slack="0"/>
</pin_list>
<bind>
<opcode="add(8) " fcode="add"/>
<opset="add_ln59_3/3 "/>
</bind>
</comp>

<comp id="459" class="1004" name="sext_ln59_1_fu_459">
<pin_list>
<pin id="460" dir="0" index="0" bw="17" slack="0"/>
<pin id="461" dir="1" index="1" bw="19" slack="0"/>
</pin_list>
<bind>
<opcode="sext(35) " fcode="sext"/>
<opset="sext_ln59_1/3 "/>
</bind>
</comp>

<comp id="463" class="1004" name="add_ln59_4_fu_463">
<pin_list>
<pin id="464" dir="0" index="0" bw="16" slack="0"/>
<pin id="465" dir="0" index="1" bw="16" slack="0"/>
<pin id="466" dir="1" index="2" bw="17" slack="0"/>
</pin_list>
<bind>
<opcode="add(8) " fcode="add"/>
<opset="add_ln59_4/3 "/>
</bind>
</comp>

<comp id="469" class="1004" name="sext_ln59_2_fu_469">
<pin_list>
<pin id="470" dir="0" index="0" bw="17" slack="0"/>
<pin id="471" dir="1" index="1" bw="18" slack="0"/>
</pin_list>
<bind>
<opcode="sext(35) " fcode="sext"/>
<opset="sext_ln59_2/3 "/>
</bind>
</comp>

<comp id="473" class="1004" name="add_ln59_5_fu_473">
<pin_list>
<pin id="474" dir="0" index="0" bw="16" slack="0"/>
<pin id="475" dir="0" index="1" bw="17" slack="0"/>
<pin id="476" dir="1" index="2" bw="18" slack="0"/>
</pin_list>
<bind>
<opcode="add(8) " fcode="add"/>
<opset="add_ln59_5/3 "/>
</bind>
</comp>

<comp id="479" class="1004" name="sext_ln59_3_fu_479">
<pin_list>
<pin id="480" dir="0" index="0" bw="18" slack="0"/>
<pin id="481" dir="1" index="1" bw="19" slack="0"/>
</pin_list>
<bind>
<opcode="sext(35) " fcode="sext"/>
<opset="sext_ln59_3/3 "/>
</bind>
</comp>

<comp id="483" class="1004" name="add_ln59_6_fu_483">
<pin_list>
<pin id="484" dir="0" index="0" bw="17" slack="0"/>
<pin id="485" dir="0" index="1" bw="18" slack="0"/>
<pin id="486" dir="1" index="2" bw="19" slack="0"/>
</pin_list>
<bind>
<opcode="add(8) " fcode="add"/>
<opset="add_ln59_6/3 "/>
</bind>
</comp>

<comp id="489" class="1004" name="sext_ln59_4_fu_489">
<pin_list>
<pin id="490" dir="0" index="0" bw="19" slack="0"/>
<pin id="491" dir="1" index="1" bw="20" slack="0"/>
</pin_list>
<bind>
<opcode="sext(35) " fcode="sext"/>
<opset="sext_ln59_4/3 "/>
</bind>
</comp>

<comp id="493" class="1004" name="scaC_fu_493">
<pin_list>
<pin id="494" dir="0" index="0" bw="20" slack="0"/>
<pin id="495" dir="0" index="1" bw="19" slack="0"/>
<pin id="496" dir="1" index="2" bw="20" slack="1"/>
</pin_list>
<bind>
<opcode="add(8) " fcode="add"/>
<opset="scaC/3 "/>
</bind>
</comp>

<comp id="499" class="1004" name="sext_ln30_fu_499">
<pin_list>
<pin id="500" dir="0" index="0" bw="20" slack="1"/>
<pin id="501" dir="1" index="1" bw="32" slack="0"/>
</pin_list>
<bind>
<opcode="sext(35) " fcode="sext"/>
<opset="sext_ln30/4 "/>
</bind>
</comp>

<comp id="503" class="1005" name="readRep_read_reg_503">
<pin_list>
<pin id="504" dir="0" index="0" bw="32" slack="1"/>
<pin id="505" dir="1" index="1" bw="32" slack="1"/>
</pin_list>
<bind>
<opset="readRep_read "/>
</bind>
</comp>

<comp id="508" class="1005" name="icmp_ln35_reg_508">
<pin_list>
<pin id="509" dir="0" index="0" bw="1" slack="1"/>
<pin id="510" dir="1" index="1" bw="1" slack="2147483647"/>
</pin_list>
<bind>
<opset="icmp_ln35 "/>
</bind>
</comp>

<comp id="512" class="1005" name="add_ln35_reg_512">
<pin_list>
<pin id="513" dir="0" index="0" bw="31" slack="0"/>
<pin id="514" dir="1" index="1" bw="31" slack="0"/>
</pin_list>
<bind>
<opset="add_ln35 "/>
</bind>
</comp>

<comp id="517" class="1005" name="scaC_reg_517">
<pin_list>
<pin id="518" dir="0" index="0" bw="20" slack="1"/>
<pin id="519" dir="1" index="1" bw="20" slack="1"/>
</pin_list>
<bind>
<opset="scaC "/>
</bind>
</comp>

</comp_list>

<net_list>
<net id="106"><net_src comp="20" pin="0"/><net_sink comp="102" pin=0"/></net>

<net id="107"><net_src comp="4" pin="0"/><net_sink comp="102" pin=1"/></net>

<net id="112"><net_src comp="26" pin="0"/><net_sink comp="108" pin=0"/></net>

<net id="113"><net_src comp="0" pin="0"/><net_sink comp="108" pin=1"/></net>

<net id="119"><net_src comp="100" pin="0"/><net_sink comp="114" pin=0"/></net>

<net id="120"><net_src comp="2" pin="0"/><net_sink comp="114" pin=1"/></net>

<net id="124"><net_src comp="22" pin="0"/><net_sink comp="121" pin=0"/></net>

<net id="131"><net_src comp="121" pin="1"/><net_sink comp="125" pin=0"/></net>

<net id="135"><net_src comp="125" pin="4"/><net_sink comp="132" pin=0"/></net>

<net id="140"><net_src comp="132" pin="1"/><net_sink comp="136" pin=0"/></net>

<net id="145"><net_src comp="125" pin="4"/><net_sink comp="141" pin=0"/></net>

<net id="146"><net_src comp="24" pin="0"/><net_sink comp="141" pin=1"/></net>

<net id="150"><net_src comp="108" pin="2"/><net_sink comp="147" pin=0"/></net>

<net id="154"><net_src comp="147" pin="1"/><net_sink comp="151" pin=0"/></net>

<net id="161"><net_src comp="28" pin="0"/><net_sink comp="155" pin=0"/></net>

<net id="162"><net_src comp="108" pin="2"/><net_sink comp="155" pin=1"/></net>

<net id="163"><net_src comp="30" pin="0"/><net_sink comp="155" pin=2"/></net>

<net id="164"><net_src comp="32" pin="0"/><net_sink comp="155" pin=3"/></net>

<net id="168"><net_src comp="155" pin="4"/><net_sink comp="165" pin=0"/></net>

<net id="175"><net_src comp="28" pin="0"/><net_sink comp="169" pin=0"/></net>

<net id="176"><net_src comp="108" pin="2"/><net_sink comp="169" pin=1"/></net>

<net id="177"><net_src comp="34" pin="0"/><net_sink comp="169" pin=2"/></net>

<net id="178"><net_src comp="36" pin="0"/><net_sink comp="169" pin=3"/></net>

<net id="182"><net_src comp="169" pin="4"/><net_sink comp="179" pin=0"/></net>

<net id="189"><net_src comp="28" pin="0"/><net_sink comp="183" pin=0"/></net>

<net id="190"><net_src comp="108" pin="2"/><net_sink comp="183" pin=1"/></net>

<net id="191"><net_src comp="38" pin="0"/><net_sink comp="183" pin=2"/></net>

<net id="192"><net_src comp="40" pin="0"/><net_sink comp="183" pin=3"/></net>

<net id="196"><net_src comp="183" pin="4"/><net_sink comp="193" pin=0"/></net>

<net id="203"><net_src comp="28" pin="0"/><net_sink comp="197" pin=0"/></net>

<net id="204"><net_src comp="108" pin="2"/><net_sink comp="197" pin=1"/></net>

<net id="205"><net_src comp="42" pin="0"/><net_sink comp="197" pin=2"/></net>

<net id="206"><net_src comp="44" pin="0"/><net_sink comp="197" pin=3"/></net>

<net id="210"><net_src comp="197" pin="4"/><net_sink comp="207" pin=0"/></net>

<net id="217"><net_src comp="28" pin="0"/><net_sink comp="211" pin=0"/></net>

<net id="218"><net_src comp="108" pin="2"/><net_sink comp="211" pin=1"/></net>

<net id="219"><net_src comp="46" pin="0"/><net_sink comp="211" pin=2"/></net>

<net id="220"><net_src comp="48" pin="0"/><net_sink comp="211" pin=3"/></net>

<net id="224"><net_src comp="211" pin="4"/><net_sink comp="221" pin=0"/></net>

<net id="231"><net_src comp="28" pin="0"/><net_sink comp="225" pin=0"/></net>

<net id="232"><net_src comp="108" pin="2"/><net_sink comp="225" pin=1"/></net>

<net id="233"><net_src comp="50" pin="0"/><net_sink comp="225" pin=2"/></net>

<net id="234"><net_src comp="52" pin="0"/><net_sink comp="225" pin=3"/></net>

<net id="238"><net_src comp="225" pin="4"/><net_sink comp="235" pin=0"/></net>

<net id="245"><net_src comp="28" pin="0"/><net_sink comp="239" pin=0"/></net>

<net id="246"><net_src comp="108" pin="2"/><net_sink comp="239" pin=1"/></net>

<net id="247"><net_src comp="54" pin="0"/><net_sink comp="239" pin=2"/></net>

<net id="248"><net_src comp="56" pin="0"/><net_sink comp="239" pin=3"/></net>

<net id="252"><net_src comp="239" pin="4"/><net_sink comp="249" pin=0"/></net>

<net id="259"><net_src comp="28" pin="0"/><net_sink comp="253" pin=0"/></net>

<net id="260"><net_src comp="108" pin="2"/><net_sink comp="253" pin=1"/></net>

<net id="261"><net_src comp="58" pin="0"/><net_sink comp="253" pin=2"/></net>

<net id="262"><net_src comp="60" pin="0"/><net_sink comp="253" pin=3"/></net>

<net id="266"><net_src comp="253" pin="4"/><net_sink comp="263" pin=0"/></net>

<net id="273"><net_src comp="28" pin="0"/><net_sink comp="267" pin=0"/></net>

<net id="274"><net_src comp="108" pin="2"/><net_sink comp="267" pin=1"/></net>

<net id="275"><net_src comp="62" pin="0"/><net_sink comp="267" pin=2"/></net>

<net id="276"><net_src comp="64" pin="0"/><net_sink comp="267" pin=3"/></net>

<net id="280"><net_src comp="267" pin="4"/><net_sink comp="277" pin=0"/></net>

<net id="287"><net_src comp="28" pin="0"/><net_sink comp="281" pin=0"/></net>

<net id="288"><net_src comp="108" pin="2"/><net_sink comp="281" pin=1"/></net>

<net id="289"><net_src comp="66" pin="0"/><net_sink comp="281" pin=2"/></net>

<net id="290"><net_src comp="68" pin="0"/><net_sink comp="281" pin=3"/></net>

<net id="294"><net_src comp="281" pin="4"/><net_sink comp="291" pin=0"/></net>

<net id="301"><net_src comp="28" pin="0"/><net_sink comp="295" pin=0"/></net>

<net id="302"><net_src comp="108" pin="2"/><net_sink comp="295" pin=1"/></net>

<net id="303"><net_src comp="70" pin="0"/><net_sink comp="295" pin=2"/></net>

<net id="304"><net_src comp="72" pin="0"/><net_sink comp="295" pin=3"/></net>

<net id="308"><net_src comp="295" pin="4"/><net_sink comp="305" pin=0"/></net>

<net id="315"><net_src comp="28" pin="0"/><net_sink comp="309" pin=0"/></net>

<net id="316"><net_src comp="108" pin="2"/><net_sink comp="309" pin=1"/></net>

<net id="317"><net_src comp="74" pin="0"/><net_sink comp="309" pin=2"/></net>

<net id="318"><net_src comp="76" pin="0"/><net_sink comp="309" pin=3"/></net>

<net id="322"><net_src comp="309" pin="4"/><net_sink comp="319" pin=0"/></net>

<net id="329"><net_src comp="28" pin="0"/><net_sink comp="323" pin=0"/></net>

<net id="330"><net_src comp="108" pin="2"/><net_sink comp="323" pin=1"/></net>

<net id="331"><net_src comp="78" pin="0"/><net_sink comp="323" pin=2"/></net>

<net id="332"><net_src comp="80" pin="0"/><net_sink comp="323" pin=3"/></net>

<net id="336"><net_src comp="323" pin="4"/><net_sink comp="333" pin=0"/></net>

<net id="343"><net_src comp="28" pin="0"/><net_sink comp="337" pin=0"/></net>

<net id="344"><net_src comp="108" pin="2"/><net_sink comp="337" pin=1"/></net>

<net id="345"><net_src comp="82" pin="0"/><net_sink comp="337" pin=2"/></net>

<net id="346"><net_src comp="84" pin="0"/><net_sink comp="337" pin=3"/></net>

<net id="350"><net_src comp="337" pin="4"/><net_sink comp="347" pin=0"/></net>

<net id="357"><net_src comp="28" pin="0"/><net_sink comp="351" pin=0"/></net>

<net id="358"><net_src comp="108" pin="2"/><net_sink comp="351" pin=1"/></net>

<net id="359"><net_src comp="86" pin="0"/><net_sink comp="351" pin=2"/></net>

<net id="360"><net_src comp="88" pin="0"/><net_sink comp="351" pin=3"/></net>

<net id="364"><net_src comp="351" pin="4"/><net_sink comp="361" pin=0"/></net>

<net id="369"><net_src comp="151" pin="1"/><net_sink comp="365" pin=0"/></net>

<net id="370"><net_src comp="165" pin="1"/><net_sink comp="365" pin=1"/></net>

<net id="374"><net_src comp="365" pin="2"/><net_sink comp="371" pin=0"/></net>

<net id="379"><net_src comp="193" pin="1"/><net_sink comp="375" pin=0"/></net>

<net id="380"><net_src comp="179" pin="1"/><net_sink comp="375" pin=1"/></net>

<net id="384"><net_src comp="375" pin="2"/><net_sink comp="381" pin=0"/></net>

<net id="389"><net_src comp="371" pin="1"/><net_sink comp="385" pin=0"/></net>

<net id="390"><net_src comp="381" pin="1"/><net_sink comp="385" pin=1"/></net>

<net id="394"><net_src comp="385" pin="2"/><net_sink comp="391" pin=0"/></net>

<net id="399"><net_src comp="207" pin="1"/><net_sink comp="395" pin=0"/></net>

<net id="400"><net_src comp="391" pin="1"/><net_sink comp="395" pin=1"/></net>

<net id="405"><net_src comp="249" pin="1"/><net_sink comp="401" pin=0"/></net>

<net id="406"><net_src comp="235" pin="1"/><net_sink comp="401" pin=1"/></net>

<net id="410"><net_src comp="401" pin="2"/><net_sink comp="407" pin=0"/></net>

<net id="415"><net_src comp="221" pin="1"/><net_sink comp="411" pin=0"/></net>

<net id="416"><net_src comp="407" pin="1"/><net_sink comp="411" pin=1"/></net>

<net id="420"><net_src comp="411" pin="2"/><net_sink comp="417" pin=0"/></net>

<net id="425"><net_src comp="395" pin="2"/><net_sink comp="421" pin=0"/></net>

<net id="426"><net_src comp="417" pin="1"/><net_sink comp="421" pin=1"/></net>

<net id="430"><net_src comp="421" pin="2"/><net_sink comp="427" pin=0"/></net>

<net id="435"><net_src comp="263" pin="1"/><net_sink comp="431" pin=0"/></net>

<net id="436"><net_src comp="427" pin="1"/><net_sink comp="431" pin=1"/></net>

<net id="441"><net_src comp="291" pin="1"/><net_sink comp="437" pin=0"/></net>

<net id="442"><net_src comp="277" pin="1"/><net_sink comp="437" pin=1"/></net>

<net id="446"><net_src comp="437" pin="2"/><net_sink comp="443" pin=0"/></net>

<net id="451"><net_src comp="431" pin="2"/><net_sink comp="447" pin=0"/></net>

<net id="452"><net_src comp="443" pin="1"/><net_sink comp="447" pin=1"/></net>

<net id="457"><net_src comp="319" pin="1"/><net_sink comp="453" pin=0"/></net>

<net id="458"><net_src comp="305" pin="1"/><net_sink comp="453" pin=1"/></net>

<net id="462"><net_src comp="453" pin="2"/><net_sink comp="459" pin=0"/></net>

<net id="467"><net_src comp="361" pin="1"/><net_sink comp="463" pin=0"/></net>

<net id="468"><net_src comp="347" pin="1"/><net_sink comp="463" pin=1"/></net>

<net id="472"><net_src comp="463" pin="2"/><net_sink comp="469" pin=0"/></net>

<net id="477"><net_src comp="333" pin="1"/><net_sink comp="473" pin=0"/></net>

<net id="478"><net_src comp="469" pin="1"/><net_sink comp="473" pin=1"/></net>

<net id="482"><net_src comp="473" pin="2"/><net_sink comp="479" pin=0"/></net>

<net id="487"><net_src comp="459" pin="1"/><net_sink comp="483" pin=0"/></net>

<net id="488"><net_src comp="479" pin="1"/><net_sink comp="483" pin=1"/></net>

<net id="492"><net_src comp="483" pin="2"/><net_sink comp="489" pin=0"/></net>

<net id="497"><net_src comp="447" pin="2"/><net_sink comp="493" pin=0"/></net>

<net id="498"><net_src comp="489" pin="1"/><net_sink comp="493" pin=1"/></net>

<net id="502"><net_src comp="499" pin="1"/><net_sink comp="114" pin=2"/></net>

<net id="506"><net_src comp="102" pin="2"/><net_sink comp="503" pin=0"/></net>

<net id="507"><net_src comp="503" pin="1"/><net_sink comp="136" pin=1"/></net>

<net id="511"><net_src comp="136" pin="2"/><net_sink comp="508" pin=0"/></net>

<net id="515"><net_src comp="141" pin="2"/><net_sink comp="512" pin=0"/></net>

<net id="516"><net_src comp="512" pin="1"/><net_sink comp="125" pin=2"/></net>

<net id="520"><net_src comp="493" pin="2"/><net_sink comp="517" pin=0"/></net>

<net id="521"><net_src comp="517" pin="1"/><net_sink comp="499" pin=0"/></net>

</net_list>

</model> 
---------------- Datapath Model END ------------------

* FSMD analyzer results:
  - Output states:
	Port: fifoC224 | {4 }
 - Input state : 
	Port: AdderTree : fifoC123 | {3 }
	Port: AdderTree : readRep | {1 }
  - Chain level:
	State 1
	State 2
		zext_ln27 : 1
		icmp_ln35 : 2
		add_ln35 : 1
		br_ln35 : 3
	State 3
		sext_ln674 : 1
		sext_ln31 : 1
		sext_ln674_1 : 1
		sext_ln674_3 : 1
		sext_ln674_2 : 1
		sext_ln674_5 : 1
		sext_ln674_6 : 1
		sext_ln674_7 : 1
		sext_ln674_4 : 1
		sext_ln674_8 : 1
		sext_ln674_9 : 1
		sext_ln674_10 : 1
		sext_ln674_11 : 1
		sext_ln674_12 : 1
		sext_ln674_13 : 1
		sext_ln32 : 1
		temp1 : 2
		sext_ln43 : 3
		add_ln49 : 2
		sext_ln49 : 3
		temp2 : 4
		sext_ln43_1 : 5
		add_ln55 : 6
		add_ln55_1 : 2
		sext_ln55 : 3
		add_ln55_2 : 4
		sext_ln55_1 : 5
		temp3 : 7
		sext_ln43_2 : 8
		add_ln59 : 9
		add_ln59_1 : 2
		sext_ln59 : 3
		add_ln59_2 : 10
		add_ln59_3 : 2
		sext_ln59_1 : 3
		add_ln59_4 : 2
		sext_ln59_2 : 3
		add_ln59_5 : 4
		sext_ln59_3 : 5
		add_ln59_6 : 6
		sext_ln59_4 : 7
		scaC : 11
	State 4
		write_ln167 : 1
	State 5


============================================================
+ Verbose Summary: Datapath Resource usage 
============================================================

* Functional unit list:
|----------|--------------------------|---------|---------|
| Operation|      Functional Unit     |    FF   |   LUT   |
|----------|--------------------------|---------|---------|
|          |      add_ln35_fu_141     |    0    |    38   |
|          |       temp1_fu_365       |    0    |    23   |
|          |      add_ln49_fu_375     |    0    |    23   |
|          |       temp2_fu_385       |    0    |    24   |
|          |      add_ln55_fu_395     |    0    |    20   |
|          |     add_ln55_1_fu_401    |    0    |    23   |
|          |     add_ln55_2_fu_411    |    0    |    24   |
|    add   |       temp3_fu_421       |    0    |    20   |
|          |      add_ln59_fu_431     |    0    |    26   |
|          |     add_ln59_1_fu_437    |    0    |    23   |
|          |     add_ln59_2_fu_447    |    0    |    20   |
|          |     add_ln59_3_fu_453    |    0    |    23   |
|          |     add_ln59_4_fu_463    |    0    |    23   |
|          |     add_ln59_5_fu_473    |    0    |    24   |
|          |     add_ln59_6_fu_483    |    0    |    25   |
|          |        scaC_fu_493       |    0    |    20   |
|----------|--------------------------|---------|---------|
|   icmp   |     icmp_ln35_fu_136     |    0    |    20   |
|----------|--------------------------|---------|---------|
|   read   | readRep_read_read_fu_102 |    0    |    0    |
|          |   p_Val2_s_read_fu_108   |    0    |    0    |
|----------|--------------------------|---------|---------|
|   write  | write_ln167_write_fu_114 |    0    |    0    |
|----------|--------------------------|---------|---------|
|   zext   |     zext_ln27_fu_132     |    0    |    0    |
|----------|--------------------------|---------|---------|
|   trunc  |    trunc_ln674_fu_147    |    0    |    0    |
|----------|--------------------------|---------|---------|
|          |     sext_ln674_fu_151    |    0    |    0    |
|          |     sext_ln31_fu_165     |    0    |    0    |
|          |    sext_ln674_1_fu_179   |    0    |    0    |
|          |    sext_ln674_3_fu_193   |    0    |    0    |
|          |    sext_ln674_2_fu_207   |    0    |    0    |
|          |    sext_ln674_5_fu_221   |    0    |    0    |
|          |    sext_ln674_6_fu_235   |    0    |    0    |
|          |    sext_ln674_7_fu_249   |    0    |    0    |
|          |    sext_ln674_4_fu_263   |    0    |    0    |
|          |    sext_ln674_8_fu_277   |    0    |    0    |
|          |    sext_ln674_9_fu_291   |    0    |    0    |
|          |   sext_ln674_10_fu_305   |    0    |    0    |
|          |   sext_ln674_11_fu_319   |    0    |    0    |
|   sext   |   sext_ln674_12_fu_333   |    0    |    0    |
|          |   sext_ln674_13_fu_347   |    0    |    0    |
|          |     sext_ln32_fu_361     |    0    |    0    |
|          |     sext_ln43_fu_371     |    0    |    0    |
|          |     sext_ln49_fu_381     |    0    |    0    |
|          |    sext_ln43_1_fu_391    |    0    |    0    |
|          |     sext_ln55_fu_407     |    0    |    0    |
|          |    sext_ln55_1_fu_417    |    0    |    0    |
|          |    sext_ln43_2_fu_427    |    0    |    0    |
|          |     sext_ln59_fu_443     |    0    |    0    |
|          |    sext_ln59_1_fu_459    |    0    |    0    |
|          |    sext_ln59_2_fu_469    |    0    |    0    |
|          |    sext_ln59_3_fu_479    |    0    |    0    |
|          |    sext_ln59_4_fu_489    |    0    |    0    |
|          |     sext_ln30_fu_499     |    0    |    0    |
|----------|--------------------------|---------|---------|
|          |     p_Result_s_fu_155    |    0    |    0    |
|          |    p_Result_31_fu_169    |    0    |    0    |
|          |    p_Result_32_fu_183    |    0    |    0    |
|          |    p_Result_33_fu_197    |    0    |    0    |
|          |    p_Result_34_fu_211    |    0    |    0    |
|          |    p_Result_35_fu_225    |    0    |    0    |
|          |    p_Result_36_fu_239    |    0    |    0    |
|partselect|    p_Result_37_fu_253    |    0    |    0    |
|          |    p_Result_38_fu_267    |    0    |    0    |
|          |    p_Result_39_fu_281    |    0    |    0    |
|          |    p_Result_40_fu_295    |    0    |    0    |
|          |    p_Result_41_fu_309    |    0    |    0    |
|          |    p_Result_42_fu_323    |    0    |    0    |
|          |    p_Result_43_fu_337    |    0    |    0    |
|          |    p_Result_44_fu_351    |    0    |    0    |
|----------|--------------------------|---------|---------|
|   Total  |                          |    0    |   399   |
|----------|--------------------------|---------|---------|

Memories:
N/A

* Register list:
+--------------------+--------+
|                    |   FF   |
+--------------------+--------+
|  add_ln35_reg_512  |   31   |
|      i_reg_121     |   31   |
|  icmp_ln35_reg_508 |    1   |
|readRep_read_reg_503|   32   |
|    scaC_reg_517    |   20   |
+--------------------+--------+
|        Total       |   115  |
+--------------------+--------+

* Multiplexer (MUX) list: 
|--------|------|------|------|--------|
|  Comp  |  Pin | Size |  BW  | S x BW |
|--------|------|------|------|--------|
|  Total |      |      |      |    0   |
|--------|------|------|------|--------|



* Summary:
+-----------+--------+--------+
|           |   FF   |   LUT  |
+-----------+--------+--------+
|  Function |    0   |   399  |
|   Memory  |    -   |    -   |
|Multiplexer|    -   |    -   |
|  Register |   115  |    -   |
+-----------+--------+--------+
|   Total   |   115  |   399  |
+-----------+--------+--------+
